TN:
SF:app/layout.tsx
FN:3,RootLayout
FNF:1
FNH:0
FNDA:0,RootLayout
DA:1,0
DA:3,0
LF:2
LH:0
BRF:0
BRH:0
end_of_record
TN:
SF:app/page.tsx
FN:19,TrelloPage
FN:32,(anonymous_6)
FN:38,(anonymous_7)
FN:39,(anonymous_8)
FN:88,(anonymous_9)
FN:94,(anonymous_10)
FN:105,(anonymous_11)
FN:113,(anonymous_12)
FN:117,(anonymous_13)
FN:121,(anonymous_14)
FN:125,(anonymous_15)
FN:129,(anonymous_16)
FN:137,(anonymous_17)
FN:154,(anonymous_18)
FN:155,(anonymous_19)
FN:164,(anonymous_20)
FN:166,(anonymous_21)
FN:176,(anonymous_22)
FN:188,(anonymous_23)
FN:189,(anonymous_24)
FN:202,(anonymous_25)
FN:204,(anonymous_26)
FN:209,(anonymous_27)
FN:210,(anonymous_28)
FN:213,(anonymous_29)
FN:222,(anonymous_30)
FN:223,(anonymous_31)
FN:224,(anonymous_32)
FN:227,(anonymous_33)
FN:228,(anonymous_34)
FN:240,(anonymous_35)
FN:244,(anonymous_36)
FNF:32
FNH:0
FNDA:0,TrelloPage
FNDA:0,(anonymous_6)
FNDA:0,(anonymous_7)
FNDA:0,(anonymous_8)
FNDA:0,(anonymous_9)
FNDA:0,(anonymous_10)
FNDA:0,(anonymous_11)
FNDA:0,(anonymous_12)
FNDA:0,(anonymous_13)
FNDA:0,(anonymous_14)
FNDA:0,(anonymous_15)
FNDA:0,(anonymous_16)
FNDA:0,(anonymous_17)
FNDA:0,(anonymous_18)
FNDA:0,(anonymous_19)
FNDA:0,(anonymous_20)
FNDA:0,(anonymous_21)
FNDA:0,(anonymous_22)
FNDA:0,(anonymous_23)
FNDA:0,(anonymous_24)
FNDA:0,(anonymous_25)
FNDA:0,(anonymous_26)
FNDA:0,(anonymous_27)
FNDA:0,(anonymous_28)
FNDA:0,(anonymous_29)
FNDA:0,(anonymous_30)
FNDA:0,(anonymous_31)
FNDA:0,(anonymous_32)
FNDA:0,(anonymous_33)
FNDA:0,(anonymous_34)
FNDA:0,(anonymous_35)
FNDA:0,(anonymous_36)
DA:3,0
DA:5,0
DA:6,0
DA:7,0
DA:8,0
DA:9,0
DA:10,0
DA:11,0
DA:12,0
DA:13,0
DA:14,0
DA:15,0
DA:16,0
DA:17,0
DA:19,0
DA:20,0
DA:21,0
DA:24,0
DA:25,0
DA:28,0
DA:29,0
DA:32,0
DA:33,0
DA:34,0
DA:38,0
DA:39,0
DA:40,0
DA:41,0
DA:43,0
DA:44,0
DA:45,0
DA:46,0
DA:47,0
DA:50,0
DA:51,0
DA:52,0
DA:53,0
DA:54,0
DA:56,0
DA:59,0
DA:63,0
DA:64,0
DA:65,0
DA:66,0
DA:67,0
DA:68,0
DA:70,0
DA:73,0
DA:76,0
DA:80,0
DA:82,0
DA:85,0
DA:88,0
DA:89,0
DA:90,0
DA:91,0
DA:94,0
DA:95,0
DA:96,0
DA:98,0
DA:99,0
DA:100,0
DA:102,0
DA:105,0
DA:106,0
DA:107,0
DA:108,0
DA:109,0
DA:110,0
DA:113,0
DA:114,0
DA:117,0
DA:118,0
DA:121,0
DA:122,0
DA:123,0
DA:124,0
DA:125,0
DA:129,0
DA:130,0
DA:131,0
DA:132,0
DA:133,0
DA:137,0
DA:138,0
DA:139,0
DA:142,0
DA:151,0
DA:154,0
DA:155,0
DA:161,0
DA:164,0
DA:166,0
DA:172,0
DA:176,0
DA:188,0
DA:189,0
DA:202,0
DA:204,0
DA:209,0
DA:211,0
DA:214,0
DA:223,0
DA:224,0
DA:225,0
DA:227,0
DA:229,0
DA:241,0
DA:242,0
DA:245,0
DA:246,0
DA:247,0
DA:248,0
LF:113
LH:0
BRDA:33,0,0,0
BRDA:33,0,1,0
BRDA:33,1,0,0
BRDA:33,1,1,0
BRDA:43,2,0,0
BRDA:43,2,1,0
BRDA:51,3,0,0
BRDA:51,3,1,0
BRDA:64,4,0,0
BRDA:64,4,1,0
BRDA:67,5,0,0
BRDA:67,5,1,0
BRDA:67,6,0,0
BRDA:67,6,1,0
BRDA:89,7,0,0
BRDA:89,7,1,0
BRDA:122,8,0,0
BRDA:122,8,1,0
BRDA:124,9,0,0
BRDA:124,9,1,0
BRDA:124,10,0,0
BRDA:124,10,1,0
BRDA:130,11,0,0
BRDA:130,11,1,0
BRDA:132,12,0,0
BRDA:132,12,1,0
BRDA:142,13,0,0
BRDA:142,13,1,0
BRDA:151,14,0,0
BRDA:151,14,1,0
BRDA:151,15,0,0
BRDA:151,15,1,0
BRDA:161,16,0,0
BRDA:161,16,1,0
BRDA:161,17,0,0
BRDA:161,17,1,0
BRDA:172,18,0,0
BRDA:172,18,1,0
BRDA:172,19,0,0
BRDA:172,19,1,0
BRDA:192,20,0,0
BRDA:192,20,1,0
BRDA:198,21,0,0
BRDA:198,21,1,0
BRDA:206,22,0,0
BRDA:206,22,1,0
BRDA:217,23,0,0
BRDA:217,23,1,0
BRDA:225,24,0,0
BRDA:225,24,1,0
BRDA:236,25,0,0
BRDA:236,25,1,0
BRF:52
BRH:0
end_of_record
TN:
SF:app/actions/authActions.ts
FN:6,loginUser
FN:61,registerUser
FN:97,loginWithGoogle
FN:99,(anonymous_10)
FNF:4
FNH:0
FNDA:0,loginUser
FNDA:0,registerUser
FNDA:0,loginWithGoogle
FNDA:0,(anonymous_10)
DA:3,0
DA:4,0
DA:6,0
DA:7,0
DA:8,0
DA:12,0
DA:13,0
DA:17,0
DA:18,0
DA:19,0
DA:23,0
DA:25,0
DA:27,0
DA:28,0
DA:32,0
DA:33,0
DA:39,0
DA:40,0
DA:41,0
DA:46,0
DA:56,0
DA:57,0
DA:61,0
DA:62,0
DA:63,0
DA:67,0
DA:68,0
DA:72,0
DA:74,0
DA:82,0
DA:92,0
DA:93,0
DA:97,0
DA:98,0
DA:99,0
DA:101,0
DA:107,0
DA:112,0
DA:113,0
DA:114,0
DA:117,0
DA:119,0
DA:120,0
DA:124,0
DA:129,0
DA:130,0
DA:135,0
DA:136,0
DA:147,0
DA:148,0
DA:158,0
DA:168,0
DA:169,0
LF:53
LH:0
BRDA:12,0,0,0
BRDA:12,0,1,0
BRDA:17,1,0,0
BRDA:17,1,1,0
BRDA:18,2,0,0
BRDA:18,2,1,0
BRDA:23,3,0,0
BRDA:23,3,1,0
BRDA:25,4,0,0
BRDA:25,4,1,0
BRDA:27,5,0,0
BRDA:27,5,1,0
BRDA:40,6,0,0
BRDA:40,6,1,0
BRDA:51,7,0,0
BRDA:51,7,1,0
BRDA:52,8,0,0
BRDA:52,8,1,0
BRDA:67,9,0,0
BRDA:67,9,1,0
BRDA:87,10,0,0
BRDA:87,10,1,0
BRDA:88,11,0,0
BRDA:88,11,1,0
BRDA:113,12,0,0
BRDA:113,12,1,0
BRDA:119,13,0,0
BRDA:119,13,1,0
BRDA:129,14,0,0
BRDA:129,14,1,0
BRDA:135,15,0,0
BRDA:135,15,1,0
BRDA:147,16,0,0
BRDA:147,16,1,0
BRDA:151,17,0,0
BRDA:151,17,1,0
BRDA:163,18,0,0
BRDA:163,18,1,0
BRDA:164,19,0,0
BRDA:164,19,1,0
BRDA:164,20,0,0
BRDA:164,20,1,0
BRF:42
BRH:0
end_of_record
TN:
SF:app/actions/boardActions.ts
FN:11,getUserRoleInBoard
FN:36,getBoardDetails
FN:82,createList
FN:116,createTask
FN:171,updateTask
FN:205,deleteTask
FN:235,reorderTasksInList
FN:252,(anonymous_17)
FN:271,moveTaskToList
FN:333,reorderLists
FN:341,(anonymous_20)
FN:360,getWorkspaceBoards
FNF:12
FNH:0
FNDA:0,getUserRoleInBoard
FNDA:0,getBoardDetails
FNDA:0,createList
FNDA:0,createTask
FNDA:0,updateTask
FNDA:0,deleteTask
FNDA:0,reorderTasksInList
FNDA:0,(anonymous_17)
FNDA:0,moveTaskToList
FNDA:0,reorderLists
FNDA:0,(anonymous_20)
FNDA:0,getWorkspaceBoards
DA:3,0
DA:4,0
DA:12,0
DA:13,0
DA:24,0
DA:25,0
DA:27,0
DA:28,0
DA:30,0
DA:31,0
DA:36,0
DA:37,0
DA:38,0
DA:75,0
DA:77,0
DA:78,0
DA:82,0
DA:83,0
DA:84,0
DA:86,0
DA:87,0
DA:90,0
DA:94,0
DA:96,0
DA:106,0
DA:108,0
DA:110,0
DA:111,0
DA:116,0
DA:117,0
DA:119,0
DA:124,0
DA:126,0
DA:128,0
DA:129,0
DA:132,0
DA:136,0
DA:138,0
DA:161,0
DA:163,0
DA:165,0
DA:166,0
DA:171,0
DA:172,0
DA:174,0
DA:179,0
DA:181,0
DA:183,0
DA:184,0
DA:186,0
DA:195,0
DA:197,0
DA:199,0
DA:200,0
DA:205,0
DA:206,0
DA:208,0
DA:213,0
DA:215,0
DA:217,0
DA:218,0
DA:220,0
DA:225,0
DA:227,0
DA:229,0
DA:230,0
DA:235,0
DA:236,0
DA:238,0
DA:243,0
DA:245,0
DA:247,0
DA:248,0
DA:251,0
DA:253,0
DA:261,0
DA:263,0
DA:265,0
DA:266,0
DA:271,0
DA:272,0
DA:274,0
DA:280,0
DA:285,0
DA:287,0
DA:289,0
DA:290,0
DA:293,0
DA:316,0
DA:325,0
DA:327,0
DA:328,0
DA:333,0
DA:334,0
DA:335,0
DA:337,0
DA:338,0
DA:340,0
DA:342,0
DA:350,0
DA:352,0
DA:354,0
DA:355,0
DA:360,0
DA:361,0
DA:363,0
DA:371,0
DA:373,0
DA:374,0
DA:376,0
DA:379,0
DA:390,0
DA:392,0
DA:393,0
LF:114
LH:0
BRDA:24,0,0,0
BRDA:24,0,1,0
BRDA:25,1,0,0
BRDA:25,1,1,0
BRDA:28,2,0,0
BRDA:28,2,1,0
BRDA:86,3,0,0
BRDA:86,3,1,0
BRDA:87,4,0,0
BRDA:87,4,1,0
BRDA:94,5,0,0
BRDA:94,5,1,0
BRDA:124,6,0,0
BRDA:124,6,1,0
BRDA:128,7,0,0
BRDA:128,7,1,0
BRDA:129,8,0,0
BRDA:129,8,1,0
BRDA:136,9,0,0
BRDA:136,9,1,0
BRDA:179,10,0,0
BRDA:179,10,1,0
BRDA:183,11,0,0
BRDA:183,11,1,0
BRDA:184,12,0,0
BRDA:184,12,1,0
BRDA:213,13,0,0
BRDA:213,13,1,0
BRDA:217,14,0,0
BRDA:217,14,1,0
BRDA:218,15,0,0
BRDA:218,15,1,0
BRDA:243,16,0,0
BRDA:243,16,1,0
BRDA:247,17,0,0
BRDA:247,17,1,0
BRDA:248,18,0,0
BRDA:248,18,1,0
BRDA:285,19,0,0
BRDA:285,19,1,0
BRDA:285,20,0,0
BRDA:285,20,1,0
BRDA:289,21,0,0
BRDA:289,21,1,0
BRDA:290,22,0,0
BRDA:290,22,1,0
BRDA:337,23,0,0
BRDA:337,23,1,0
BRDA:338,24,0,0
BRDA:338,24,1,0
BRDA:371,25,0,0
BRDA:371,25,1,0
BRDA:376,26,0,0
BRDA:376,26,1,0
BRDA:376,27,0,0
BRDA:376,27,1,0
BRF:56
BRH:0
end_of_record
TN:
SF:app/actions/cardActions.ts
FN:9,getBoardIdFromTask
FN:18,getUserRoleInBoard
FN:43,getBoardAndTaskFromChecklist
FN:53,getBoardAndTaskFromChecklistItem
FN:70,getTaskDetails
FN:124,updateTaskDetails
FN:163,addAssignee
FN:207,removeAssignee
FN:234,addLabelToTask
FN:258,removeLabelFromTask
FN:285,getBoardLabels
FN:298,createBoardLabel
FN:318,updateBoardLabel
FN:342,deleteBoardLabel
FN:367,createChecklist
FN:391,deleteChecklist
FN:412,addChecklistItem
FN:441,updateChecklistItem
FN:465,deleteChecklistItem
FN:490,addComment
FN:512,deleteComment
FN:540,updateBoardSettings
FN:571,getBoardWithLabels
FNF:23
FNH:0
FNDA:0,getBoardIdFromTask
FNDA:0,getUserRoleInBoard
FNDA:0,getBoardAndTaskFromChecklist
FNDA:0,getBoardAndTaskFromChecklistItem
FNDA:0,getTaskDetails
FNDA:0,updateTaskDetails
FNDA:0,addAssignee
FNDA:0,removeAssignee
FNDA:0,addLabelToTask
FNDA:0,removeLabelFromTask
FNDA:0,getBoardLabels
FNDA:0,createBoardLabel
FNDA:0,updateBoardLabel
FNDA:0,deleteBoardLabel
FNDA:0,createChecklist
FNDA:0,deleteChecklist
FNDA:0,addChecklistItem
FNDA:0,updateChecklistItem
FNDA:0,deleteChecklistItem
FNDA:0,addComment
FNDA:0,deleteComment
FNDA:0,updateBoardSettings
FNDA:0,getBoardWithLabels
DA:3,0
DA:4,0
DA:6,0
DA:10,0
DA:14,0
DA:19,0
DA:20,0
DA:31,0
DA:32,0
DA:34,0
DA:35,0
DA:37,0
DA:38,0
DA:44,0
DA:48,0
DA:49,0
DA:54,0
DA:58,0
DA:59,0
DA:70,0
DA:71,0
DA:72,0
DA:117,0
DA:119,0
DA:120,0
DA:124,0
DA:134,0
DA:135,0
DA:136,0
DA:138,0
DA:140,0
DA:141,0
DA:143,0
DA:150,0
DA:152,0
DA:154,0
DA:155,0
DA:163,0
DA:164,0
DA:165,0
DA:166,0
DA:168,0
DA:170,0
DA:171,0
DA:173,0
DA:177,0
DA:180,0
DA:181,0
DA:189,0
DA:190,0
DA:200,0
DA:202,0
DA:203,0
DA:207,0
DA:208,0
DA:209,0
DA:210,0
DA:212,0
DA:214,0
DA:215,0
DA:217,0
DA:221,0
DA:223,0
DA:225,0
DA:226,0
DA:234,0
DA:235,0
DA:236,0
DA:237,0
DA:239,0
DA:241,0
DA:242,0
DA:244,0
DA:249,0
DA:251,0
DA:253,0
DA:254,0
DA:258,0
DA:259,0
DA:260,0
DA:261,0
DA:263,0
DA:265,0
DA:266,0
DA:268,0
DA:272,0
DA:274,0
DA:276,0
DA:277,0
DA:285,0
DA:286,0
DA:287,0
DA:291,0
DA:293,0
DA:294,0
DA:298,0
DA:299,0
DA:300,0
DA:302,0
DA:303,0
DA:305,0
DA:309,0
DA:311,0
DA:313,0
DA:314,0
DA:318,0
DA:319,0
DA:320,0
DA:321,0
DA:323,0
DA:325,0
DA:326,0
DA:328,0
DA:333,0
DA:335,0
DA:337,0
DA:338,0
DA:342,0
DA:343,0
DA:344,0
DA:345,0
DA:347,0
DA:349,0
DA:350,0
DA:352,0
DA:354,0
DA:356,0
DA:358,0
DA:359,0
DA:367,0
DA:368,0
DA:369,0
DA:370,0
DA:372,0
DA:374,0
DA:375,0
DA:377,0
DA:382,0
DA:384,0
DA:386,0
DA:387,0
DA:391,0
DA:392,0
DA:393,0
DA:394,0
DA:396,0
DA:398,0
DA:399,0
DA:401,0
DA:403,0
DA:405,0
DA:407,0
DA:408,0
DA:412,0
DA:413,0
DA:414,0
DA:415,0
DA:417,0
DA:419,0
DA:420,0
DA:422,0
DA:426,0
DA:428,0
DA:432,0
DA:434,0
DA:436,0
DA:437,0
DA:441,0
DA:442,0
DA:443,0
DA:444,0
DA:446,0
DA:448,0
DA:449,0
DA:451,0
DA:456,0
DA:458,0
DA:460,0
DA:461,0
DA:465,0
DA:466,0
DA:467,0
DA:468,0
DA:470,0
DA:472,0
DA:473,0
DA:475,0
DA:477,0
DA:479,0
DA:481,0
DA:482,0
DA:490,0
DA:491,0
DA:492,0
DA:494,0
DA:501,0
DA:502,0
DA:505,0
DA:507,0
DA:508,0
DA:512,0
DA:513,0
DA:515,0
DA:520,0
DA:521,0
DA:524,0
DA:526,0
DA:527,0
DA:529,0
DA:531,0
DA:532,0
DA:540,0
DA:549,0
DA:550,0
DA:552,0
DA:553,0
DA:554,0
DA:557,0
DA:562,0
DA:564,0
DA:566,0
DA:567,0
DA:571,0
DA:572,0
DA:573,0
DA:588,0
DA:590,0
DA:591,0
LF:228
LH:0
BRDA:14,0,0,0
BRDA:14,0,1,0
BRDA:31,1,0,0
BRDA:31,1,1,0
BRDA:32,2,0,0
BRDA:32,2,1,0
BRDA:35,3,0,0
BRDA:35,3,1,0
BRDA:48,4,0,0
BRDA:48,4,1,0
BRDA:58,5,0,0
BRDA:58,5,1,0
BRDA:136,6,0,0
BRDA:136,6,1,0
BRDA:140,7,0,0
BRDA:140,7,1,0
BRDA:141,8,0,0
BRDA:141,8,1,0
BRDA:166,9,0,0
BRDA:166,9,1,0
BRDA:170,10,0,0
BRDA:170,10,1,0
BRDA:171,11,0,0
BRDA:171,11,1,0
BRDA:180,12,0,0
BRDA:180,12,1,0
BRDA:189,13,0,0
BRDA:189,13,1,0
BRDA:210,14,0,0
BRDA:210,14,1,0
BRDA:214,15,0,0
BRDA:214,15,1,0
BRDA:215,16,0,0
BRDA:215,16,1,0
BRDA:237,17,0,0
BRDA:237,17,1,0
BRDA:241,18,0,0
BRDA:241,18,1,0
BRDA:242,19,0,0
BRDA:242,19,1,0
BRDA:261,20,0,0
BRDA:261,20,1,0
BRDA:265,21,0,0
BRDA:265,21,1,0
BRDA:266,22,0,0
BRDA:266,22,1,0
BRDA:302,23,0,0
BRDA:302,23,1,0
BRDA:303,24,0,0
BRDA:303,24,1,0
BRDA:321,25,0,0
BRDA:321,25,1,0
BRDA:325,26,0,0
BRDA:325,26,1,0
BRDA:326,27,0,0
BRDA:326,27,1,0
BRDA:345,28,0,0
BRDA:345,28,1,0
BRDA:349,29,0,0
BRDA:349,29,1,0
BRDA:350,30,0,0
BRDA:350,30,1,0
BRDA:370,31,0,0
BRDA:370,31,1,0
BRDA:374,32,0,0
BRDA:374,32,1,0
BRDA:375,33,0,0
BRDA:375,33,1,0
BRDA:394,34,0,0
BRDA:394,34,1,0
BRDA:398,35,0,0
BRDA:398,35,1,0
BRDA:399,36,0,0
BRDA:399,36,1,0
BRDA:415,37,0,0
BRDA:415,37,1,0
BRDA:419,38,0,0
BRDA:419,38,1,0
BRDA:420,39,0,0
BRDA:420,39,1,0
BRDA:426,40,0,0
BRDA:426,40,1,0
BRDA:444,41,0,0
BRDA:444,41,1,0
BRDA:448,42,0,0
BRDA:448,42,1,0
BRDA:449,43,0,0
BRDA:449,43,1,0
BRDA:468,44,0,0
BRDA:468,44,1,0
BRDA:472,45,0,0
BRDA:472,45,1,0
BRDA:473,46,0,0
BRDA:473,46,1,0
BRDA:501,47,0,0
BRDA:501,47,1,0
BRDA:520,48,0,0
BRDA:520,48,1,0
BRDA:520,49,0,0
BRDA:520,49,1,0
BRDA:552,50,0,0
BRDA:552,50,1,0
BRDA:553,51,0,0
BRDA:553,51,1,0
BRDA:553,52,0,0
BRDA:553,52,1,0
BRF:106
BRH:0
end_of_record
TN:
SF:app/actions/notificationActions.ts
FN:35,createNotification
FN:65,getNotifications
FN:80,getUnreadNotificationCount
FN:92,markNotificationAsRead
FN:105,markAllNotificationsAsRead
FN:118,checkDueDateNotifications
FNF:6
FNH:0
FNDA:0,createNotification
FNDA:0,getNotifications
FNDA:0,getUnreadNotificationCount
FNDA:0,markNotificationAsRead
FNDA:0,markAllNotificationsAsRead
FNDA:0,checkDueDateNotifications
DA:3,0
DA:4,0
DA:6,0
DA:35,0
DA:43,0
DA:44,0
DA:56,0
DA:58,0
DA:60,0
DA:61,0
DA:65,0
DA:66,0
DA:67,0
DA:73,0
DA:75,0
DA:76,0
DA:80,0
DA:81,0
DA:82,0
DA:85,0
DA:87,0
DA:88,0
DA:92,0
DA:93,0
DA:94,0
DA:98,0
DA:100,0
DA:101,0
DA:105,0
DA:106,0
DA:107,0
DA:111,0
DA:113,0
DA:114,0
DA:118,0
DA:119,0
DA:120,0
DA:121,0
DA:123,0
DA:145,0
DA:146,0
DA:147,0
DA:155,0
DA:156,0
DA:157,0
DA:163,0
DA:167,0
DA:169,0
DA:170,0
LF:49
LH:0
BRDA:49,0,0,0
BRDA:49,0,1,0
BRDA:50,1,0,0
BRDA:50,1,1,0
BRDA:51,2,0,0
BRDA:51,2,1,0
BRDA:155,3,0,0
BRDA:155,3,1,0
BRDA:159,4,0,0
BRDA:159,4,1,0
BRF:10
BRH:0
end_of_record
TN:
SF:app/actions/workspaceActions.ts
FN:20,getWorkspaces
FN:50,getWorkspaceDetails
FN:78,(anonymous_18)
FN:89,createWorkspace
FN:122,updateWorkspace
FN:137,(anonymous_21)
FN:155,deleteWorkspace
FN:178,getUserRole
FN:196,updateMemberRole
FN:212,(anonymous_25)
FN:247,removeMember
FN:258,(anonymous_27)
FN:289,createInvitation
FN:305,(anonymous_29)
FN:317,(anonymous_30)
FN:368,getPendingInvitations
FN:396,respondToInvitation
FN:466,cancelInvitation
FN:479,(anonymous_34)
FN:498,getWorkspaceBoards
FN:516,createBoardInWorkspace
FN:546,deleteBoardFromWorkspace
FN:556,(anonymous_38)
FNF:23
FNH:0
FNDA:0,getWorkspaces
FNDA:0,getWorkspaceDetails
FNDA:0,(anonymous_18)
FNDA:0,createWorkspace
FNDA:0,updateWorkspace
FNDA:0,(anonymous_21)
FNDA:0,deleteWorkspace
FNDA:0,getUserRole
FNDA:0,updateMemberRole
FNDA:0,(anonymous_25)
FNDA:0,removeMember
FNDA:0,(anonymous_27)
FNDA:0,createInvitation
FNDA:0,(anonymous_29)
FNDA:0,(anonymous_30)
FNDA:0,getPendingInvitations
FNDA:0,respondToInvitation
FNDA:0,cancelInvitation
FNDA:0,(anonymous_34)
FNDA:0,getWorkspaceBoards
FNDA:0,createBoardInWorkspace
FNDA:0,deleteBoardFromWorkspace
FNDA:0,(anonymous_38)
DA:3,0
DA:5,0
DA:6,0
DA:20,0
DA:21,0
DA:23,0
DA:43,0
DA:45,0
DA:46,0
DA:50,0
DA:51,0
DA:52,0
DA:74,0
DA:77,0
DA:78,0
DA:80,0
DA:82,0
DA:84,0
DA:85,0
DA:89,0
DA:90,0
DA:91,0
DA:115,0
DA:117,0
DA:118,0
DA:122,0
DA:127,0
DA:129,0
DA:134,0
DA:136,0
DA:137,0
DA:139,0
DA:140,0
DA:143,0
DA:148,0
DA:150,0
DA:151,0
DA:155,0
DA:156,0
DA:157,0
DA:161,0
DA:162,0
DA:163,0
DA:166,0
DA:167,0
DA:169,0
DA:170,0
DA:178,0
DA:179,0
DA:180,0
DA:185,0
DA:186,0
DA:188,0
DA:189,0
DA:191,0
DA:192,0
DA:196,0
DA:202,0
DA:203,0
DA:208,0
DA:211,0
DA:212,0
DA:214,0
DA:215,0
DA:219,0
DA:220,0
DA:224,0
DA:225,0
DA:228,0
DA:234,0
DA:240,0
DA:242,0
DA:243,0
DA:247,0
DA:248,0
DA:249,0
DA:254,0
DA:257,0
DA:258,0
DA:259,0
DA:262,0
DA:263,0
DA:267,0
DA:268,0
DA:271,0
DA:276,0
DA:278,0
DA:280,0
DA:281,0
DA:289,0
DA:295,0
DA:296,0
DA:301,0
DA:304,0
DA:305,0
DA:307,0
DA:308,0
DA:312,0
DA:313,0
DA:317,0
DA:318,0
DA:319,0
DA:323,0
DA:327,0
DA:328,0
DA:332,0
DA:334,0
DA:351,0
DA:352,0
DA:361,0
DA:363,0
DA:364,0
DA:368,0
DA:369,0
DA:371,0
DA:372,0
DA:374,0
DA:389,0
DA:391,0
DA:392,0
DA:396,0
DA:401,0
DA:402,0
DA:407,0
DA:410,0
DA:411,0
DA:413,0
DA:414,0
DA:417,0
DA:418,0
DA:422,0
DA:423,0
DA:427,0
DA:430,0
DA:432,0
DA:447,0
DA:453,0
DA:459,0
DA:461,0
DA:462,0
DA:466,0
DA:467,0
DA:468,0
DA:475,0
DA:478,0
DA:479,0
DA:480,0
DA:482,0
DA:483,0
DA:486,0
DA:487,0
DA:489,0
DA:490,0
DA:498,0
DA:499,0
DA:501,0
DA:502,0
DA:504,0
DA:509,0
DA:511,0
DA:512,0
DA:516,0
DA:522,0
DA:523,0
DA:525,0
DA:526,0
DA:528,0
DA:537,0
DA:539,0
DA:541,0
DA:542,0
DA:546,0
DA:547,0
DA:548,0
DA:553,0
DA:555,0
DA:556,0
DA:558,0
DA:559,0
DA:562,0
DA:564,0
DA:567,0
DA:569,0
DA:571,0
DA:572,0
LF:185
LH:0
BRDA:74,0,0,0
BRDA:74,0,1,0
BRDA:77,1,0,0
BRDA:77,1,1,0
BRDA:80,2,0,0
BRDA:80,2,1,0
BRDA:95,3,0,0
BRDA:95,3,1,0
BRDA:134,4,0,0
BRDA:134,4,1,0
BRDA:137,5,0,0
BRDA:137,5,1,0
BRDA:139,6,0,0
BRDA:139,6,1,0
BRDA:139,7,0,0
BRDA:139,7,1,0
BRDA:161,8,0,0
BRDA:161,8,1,0
BRDA:162,9,0,0
BRDA:162,9,1,0
BRDA:185,10,0,0
BRDA:185,10,1,0
BRDA:186,11,0,0
BRDA:186,11,1,0
BRDA:189,12,0,0
BRDA:189,12,1,0
BRDA:208,13,0,0
BRDA:208,13,1,0
BRDA:212,14,0,0
BRDA:212,14,1,0
BRDA:214,15,0,0
BRDA:214,15,1,0
BRDA:214,16,0,0
BRDA:214,16,1,0
BRDA:219,17,0,0
BRDA:219,17,1,0
BRDA:224,18,0,0
BRDA:224,18,1,0
BRDA:224,19,0,0
BRDA:224,19,1,0
BRDA:254,20,0,0
BRDA:254,20,1,0
BRDA:258,21,0,0
BRDA:258,21,1,0
BRDA:262,22,0,0
BRDA:262,22,1,0
BRDA:262,23,0,0
BRDA:262,23,1,0
BRDA:262,23,2,0
BRDA:267,24,0,0
BRDA:267,24,1,0
BRDA:301,25,0,0
BRDA:301,25,1,0
BRDA:305,26,0,0
BRDA:305,26,1,0
BRDA:307,27,0,0
BRDA:307,27,1,0
BRDA:307,28,0,0
BRDA:307,28,1,0
BRDA:312,29,0,0
BRDA:312,29,1,0
BRDA:312,30,0,0
BRDA:312,30,1,0
BRDA:318,31,0,0
BRDA:318,31,1,0
BRDA:327,32,0,0
BRDA:327,32,1,0
BRDA:351,33,0,0
BRDA:351,33,1,0
BRDA:372,34,0,0
BRDA:372,34,1,0
BRDA:407,35,0,0
BRDA:407,35,1,0
BRDA:411,36,0,0
BRDA:411,36,1,0
BRDA:413,37,0,0
BRDA:413,37,1,0
BRDA:413,38,0,0
BRDA:413,38,1,0
BRDA:417,39,0,0
BRDA:417,39,1,0
BRDA:422,40,0,0
BRDA:422,40,1,0
BRDA:422,41,0,0
BRDA:422,41,1,0
BRDA:430,42,0,0
BRDA:430,42,1,0
BRDA:475,43,0,0
BRDA:475,43,1,0
BRDA:479,44,0,0
BRDA:479,44,1,0
BRDA:482,45,0,0
BRDA:482,45,1,0
BRDA:482,46,0,0
BRDA:482,46,1,0
BRDA:482,46,2,0
BRDA:502,47,0,0
BRDA:502,47,1,0
BRDA:525,48,0,0
BRDA:525,48,1,0
BRDA:526,49,0,0
BRDA:526,49,1,0
BRDA:531,50,0,0
BRDA:531,50,1,0
BRDA:553,51,0,0
BRDA:553,51,1,0
BRDA:556,52,0,0
BRDA:556,52,1,0
BRDA:558,53,0,0
BRDA:558,53,1,0
BRDA:558,54,0,0
BRDA:558,54,1,0
BRF:112
BRH:0
end_of_record
TN:
SF:components/BoardView.tsx
FN:32,BoardView
FN:46,(anonymous_6)
FN:55,(anonymous_7)
FN:60,(anonymous_8)
FN:61,(anonymous_9)
FN:69,(anonymous_10)
FN:75,(anonymous_11)
FN:77,(anonymous_12)
FN:80,(anonymous_13)
FN:86,(anonymous_14)
FN:88,(anonymous_15)
FN:92,(anonymous_16)
FN:93,(anonymous_17)
FN:102,(anonymous_18)
FN:104,(anonymous_19)
FN:108,(anonymous_20)
FN:110,(anonymous_21)
FN:119,(anonymous_22)
FN:121,(anonymous_23)
FN:125,(anonymous_24)
FN:127,(anonymous_25)
FN:134,(anonymous_26)
FN:141,(anonymous_27)
FN:143,(anonymous_28)
FN:147,(anonymous_29)
FN:149,(anonymous_30)
FN:150,(anonymous_31)
FN:158,(anonymous_32)
FN:160,(anonymous_33)
FN:162,(anonymous_34)
FN:163,(anonymous_35)
FN:169,(anonymous_36)
FN:175,(anonymous_37)
FN:176,(anonymous_38)
FN:177,(anonymous_39)
FN:181,(anonymous_40)
FN:212,(anonymous_41)
FN:214,(anonymous_42)
FN:218,(anonymous_43)
FN:220,(anonymous_44)
FN:220,(anonymous_45)
FN:231,(anonymous_46)
FN:261,(anonymous_47)
FN:278,(anonymous_48)
FN:285,(anonymous_49)
FN:298,(anonymous_50)
FN:319,(anonymous_51)
FN:329,(anonymous_52)
FN:330,(anonymous_53)
FN:343,(anonymous_54)
FN:349,(anonymous_55)
FN:364,(anonymous_56)
FN:378,(anonymous_57)
FN:379,(anonymous_58)
FN:433,(anonymous_59)
FN:451,(anonymous_60)
FN:473,(anonymous_62)
FN:498,(anonymous_65)
FN:505,(anonymous_67)
FN:513,(anonymous_68)
FN:540,(anonymous_69)
FN:560,(anonymous_70)
FN:560,(anonymous_71)
FN:561,(anonymous_72)
FN:590,(anonymous_73)
FN:591,(anonymous_74)
FN:600,(anonymous_75)
FN:606,(anonymous_76)
FN:618,(anonymous_77)
FN:639,(anonymous_78)
FN:643,(anonymous_79)
FN:648,(anonymous_80)
FN:665,(anonymous_81)
FN:666,(anonymous_82)
FN:675,(anonymous_83)
FN:686,(anonymous_84)
FNF:76
FNH:0
FNDA:0,BoardView
FNDA:0,(anonymous_6)
FNDA:0,(anonymous_7)
FNDA:0,(anonymous_8)
FNDA:0,(anonymous_9)
FNDA:0,(anonymous_10)
FNDA:0,(anonymous_11)
FNDA:0,(anonymous_12)
FNDA:0,(anonymous_13)
FNDA:0,(anonymous_14)
FNDA:0,(anonymous_15)
FNDA:0,(anonymous_16)
FNDA:0,(anonymous_17)
FNDA:0,(anonymous_18)
FNDA:0,(anonymous_19)
FNDA:0,(anonymous_20)
FNDA:0,(anonymous_21)
FNDA:0,(anonymous_22)
FNDA:0,(anonymous_23)
FNDA:0,(anonymous_24)
FNDA:0,(anonymous_25)
FNDA:0,(anonymous_26)
FNDA:0,(anonymous_27)
FNDA:0,(anonymous_28)
FNDA:0,(anonymous_29)
FNDA:0,(anonymous_30)
FNDA:0,(anonymous_31)
FNDA:0,(anonymous_32)
FNDA:0,(anonymous_33)
FNDA:0,(anonymous_34)
FNDA:0,(anonymous_35)
FNDA:0,(anonymous_36)
FNDA:0,(anonymous_37)
FNDA:0,(anonymous_38)
FNDA:0,(anonymous_39)
FNDA:0,(anonymous_40)
FNDA:0,(anonymous_41)
FNDA:0,(anonymous_42)
FNDA:0,(anonymous_43)
FNDA:0,(anonymous_44)
FNDA:0,(anonymous_45)
FNDA:0,(anonymous_46)
FNDA:0,(anonymous_47)
FNDA:0,(anonymous_48)
FNDA:0,(anonymous_49)
FNDA:0,(anonymous_50)
FNDA:0,(anonymous_51)
FNDA:0,(anonymous_52)
FNDA:0,(anonymous_53)
FNDA:0,(anonymous_54)
FNDA:0,(anonymous_55)
FNDA:0,(anonymous_56)
FNDA:0,(anonymous_57)
FNDA:0,(anonymous_58)
FNDA:0,(anonymous_59)
FNDA:0,(anonymous_60)
FNDA:0,(anonymous_62)
FNDA:0,(anonymous_65)
FNDA:0,(anonymous_67)
FNDA:0,(anonymous_68)
FNDA:0,(anonymous_69)
FNDA:0,(anonymous_70)
FNDA:0,(anonymous_71)
FNDA:0,(anonymous_72)
FNDA:0,(anonymous_73)
FNDA:0,(anonymous_74)
FNDA:0,(anonymous_75)
FNDA:0,(anonymous_76)
FNDA:0,(anonymous_77)
FNDA:0,(anonymous_78)
FNDA:0,(anonymous_79)
FNDA:0,(anonymous_80)
FNDA:0,(anonymous_81)
FNDA:0,(anonymous_82)
FNDA:0,(anonymous_83)
FNDA:0,(anonymous_84)
DA:3,0
DA:4,0
DA:5,0
DA:6,0
DA:8,0
DA:9,0
DA:10,0
DA:11,0
DA:12,0
DA:32,0
DA:33,0
DA:34,0
DA:35,0
DA:36,0
DA:37,0
DA:38,0
DA:39,0
DA:40,0
DA:41,0
DA:42,0
DA:44,0
DA:46,0
DA:47,0
DA:48,0
DA:49,0
DA:51,0
DA:55,0
DA:56,0
DA:60,0
DA:61,0
DA:62,0
DA:63,0
DA:65,0
DA:69,0
DA:70,0
DA:72,0
DA:75,0
DA:76,0
DA:77,0
DA:78,0
DA:80,0
DA:81,0
DA:86,0
DA:87,0
DA:88,0
DA:89,0
DA:90,0
DA:93,0
DA:102,0
DA:103,0
DA:104,0
DA:105,0
DA:106,0
DA:108,0
DA:111,0
DA:119,0
DA:120,0
DA:121,0
DA:122,0
DA:123,0
DA:125,0
DA:127,0
DA:134,0
DA:135,0
DA:137,0
DA:141,0
DA:142,0
DA:143,0
DA:144,0
DA:145,0
DA:148,0
DA:149,0
DA:150,0
DA:151,0
DA:158,0
DA:159,0
DA:160,0
DA:161,0
DA:162,0
DA:163,0
DA:164,0
DA:169,0
DA:170,0
DA:171,0
DA:175,0
DA:176,0
DA:177,0
DA:181,0
DA:182,0
DA:183,0
DA:187,0
DA:188,0
DA:189,0
DA:190,0
DA:191,0
DA:192,0
DA:193,0
DA:194,0
DA:195,0
DA:196,0
DA:197,0
DA:199,0
DA:200,0
DA:201,0
DA:202,0
DA:203,0
DA:204,0
DA:205,0
DA:206,0
DA:207,0
DA:208,0
DA:209,0
DA:212,0
DA:213,0
DA:214,0
DA:218,0
DA:219,0
DA:220,0
DA:223,0
DA:224,0
DA:228,0
DA:229,0
DA:231,0
DA:232,0
DA:233,0
DA:234,0
DA:235,0
DA:236,0
DA:237,0
DA:238,0
DA:239,0
DA:240,0
DA:241,0
DA:242,0
DA:243,0
DA:245,0
DA:246,0
DA:247,0
DA:248,0
DA:249,0
DA:250,0
DA:251,0
DA:252,0
DA:253,0
DA:254,0
DA:255,0
DA:256,0
DA:257,0
DA:261,0
DA:262,0
DA:263,0
DA:265,0
DA:266,0
DA:267,0
DA:271,0
DA:272,0
DA:273,0
DA:274,0
DA:278,0
DA:279,0
DA:281,0
DA:282,0
DA:283,0
DA:286,0
DA:291,0
DA:292,0
DA:293,0
DA:294,0
DA:298,0
DA:299,0
DA:302,0
DA:305,0
DA:306,0
DA:310,0
DA:311,0
DA:312,0
DA:313,0
DA:316,0
DA:319,0
DA:320,0
DA:321,0
DA:323,0
DA:325,0
DA:329,0
DA:330,0
DA:332,0
DA:335,0
DA:336,0
DA:337,0
DA:338,0
DA:341,0
DA:344,0
DA:349,0
DA:350,0
DA:351,0
DA:352,0
DA:356,0
DA:357,0
DA:358,0
DA:359,0
DA:362,0
DA:365,0
DA:366,0
DA:367,0
DA:372,0
DA:373,0
DA:374,0
DA:375,0
DA:376,0
DA:378,0
DA:379,0
DA:383,0
DA:391,0
DA:395,0
DA:433,0
DA:451,0
DA:474,0
DA:499,0
DA:505,0
DA:514,0
DA:541,0
DA:560,0
DA:561,0
DA:590,0
DA:592,0
DA:593,0
DA:594,0
DA:600,0
DA:607,0
DA:608,0
DA:618,0
DA:639,0
DA:643,0
DA:648,0
DA:665,0
DA:666,0
DA:675,0
DA:686,0
LF:238
LH:0
BRDA:32,0,0,0
BRDA:48,1,0,0
BRDA:48,1,1,0
BRDA:70,2,0,0
BRDA:70,2,1,0
BRDA:70,3,0,0
BRDA:70,3,1,0
BRDA:76,4,0,0
BRDA:76,4,1,0
BRDA:78,5,0,0
BRDA:78,5,1,0
BRDA:80,6,0,0
BRDA:80,6,1,0
BRDA:81,7,0,0
BRDA:81,7,1,0
BRDA:87,8,0,0
BRDA:87,8,1,0
BRDA:89,9,0,0
BRDA:89,9,1,0
BRDA:93,10,0,0
BRDA:93,10,1,0
BRDA:93,11,0,0
BRDA:93,11,1,0
BRDA:103,12,0,0
BRDA:103,12,1,0
BRDA:105,13,0,0
BRDA:105,13,1,0
BRDA:111,14,0,0
BRDA:111,14,1,0
BRDA:120,15,0,0
BRDA:120,15,1,0
BRDA:122,16,0,0
BRDA:122,16,1,0
BRDA:135,17,0,0
BRDA:135,17,1,0
BRDA:142,18,0,0
BRDA:142,18,1,0
BRDA:144,19,0,0
BRDA:144,19,1,0
BRDA:148,20,0,0
BRDA:148,20,1,0
BRDA:159,21,0,0
BRDA:159,21,1,0
BRDA:161,22,0,0
BRDA:161,22,1,0
BRDA:170,23,0,0
BRDA:170,23,1,0
BRDA:182,24,0,0
BRDA:182,24,1,0
BRDA:213,25,0,0
BRDA:213,25,1,0
BRDA:219,26,0,0
BRDA:219,26,1,0
BRDA:223,27,0,0
BRDA:223,27,1,0
BRDA:263,28,0,0
BRDA:263,28,1,0
BRDA:263,29,0,0
BRDA:263,29,1,0
BRDA:266,30,0,0
BRDA:266,30,1,0
BRDA:266,31,0,0
BRDA:266,31,1,0
BRDA:273,32,0,0
BRDA:273,32,1,0
BRDA:279,33,0,0
BRDA:279,33,1,0
BRDA:279,34,0,0
BRDA:279,34,1,0
BRDA:282,35,0,0
BRDA:282,35,1,0
BRDA:282,36,0,0
BRDA:282,36,1,0
BRDA:286,37,0,0
BRDA:286,37,1,0
BRDA:293,38,0,0
BRDA:293,38,1,0
BRDA:302,39,0,0
BRDA:302,39,1,0
BRDA:302,40,0,0
BRDA:302,40,1,0
BRDA:305,41,0,0
BRDA:305,41,1,0
BRDA:305,42,0,0
BRDA:305,42,1,0
BRDA:310,43,0,0
BRDA:310,43,1,0
BRDA:320,44,0,0
BRDA:320,44,1,0
BRDA:332,45,0,0
BRDA:332,45,1,0
BRDA:332,46,0,0
BRDA:332,46,1,0
BRDA:335,47,0,0
BRDA:335,47,1,0
BRDA:344,48,0,0
BRDA:344,48,1,0
BRDA:350,49,0,0
BRDA:350,49,1,0
BRDA:365,50,0,0
BRDA:365,50,1,0
BRDA:366,51,0,0
BRDA:366,51,1,0
BRDA:373,52,0,0
BRDA:373,52,1,0
BRDA:383,53,0,0
BRDA:383,53,1,0
BRDA:391,54,0,0
BRDA:391,54,1,0
BRDA:395,55,0,0
BRDA:395,55,1,0
BRDA:396,56,0,0
BRDA:396,56,1,0
BRDA:398,57,0,0
BRDA:398,57,1,0
BRDA:407,58,0,0
BRDA:407,58,1,0
BRDA:433,59,0,0
BRDA:433,59,1,0
BRDA:437,60,0,0
BRDA:449,61,0,0
BRDA:464,62,0,0
BRDA:480,63,0,0
BRDA:480,63,1,0
BRDA:493,64,0,0
BRDA:493,64,1,0
BRDA:495,65,0,0
BRDA:495,65,1,0
BRDA:507,66,0,0
BRDA:507,66,1,0
BRDA:511,67,0,0
BRDA:511,67,1,0
BRDA:527,68,0,0
BRDA:529,69,0,0
BRDA:529,69,1,0
BRDA:538,70,0,0
BRDA:538,70,1,0
BRDA:544,71,0,0
BRDA:544,71,1,0
BRDA:546,72,0,0
BRDA:546,72,1,0
BRDA:549,73,0,0
BRDA:557,74,0,0
BRDA:557,74,1,0
BRDA:560,75,0,0
BRDA:560,75,1,0
BRDA:561,76,0,0
BRDA:561,76,1,0
BRDA:565,77,0,0
BRDA:565,77,1,0
BRDA:583,78,0,0
BRDA:592,79,0,0
BRDA:592,79,1,0
BRDA:592,80,0,0
BRDA:592,80,1,0
BRDA:633,81,0,0
BRDA:671,82,0,0
BRDA:682,83,0,0
BRF:158
BRH:0
end_of_record
TN:
SF:components/Dashboard.tsx
FN:18,Dashboard
FN:23,(anonymous_6)
FN:44,(anonymous_7)
FN:54,(anonymous_8)
FN:55,(anonymous_9)
FN:58,(anonymous_10)
FN:70,(anonymous_11)
FN:77,(anonymous_12)
FN:98,(anonymous_13)
FN:101,(anonymous_14)
FN:119,(anonymous_15)
FNF:11
FNH:0
FNDA:0,Dashboard
FNDA:0,(anonymous_6)
FNDA:0,(anonymous_7)
FNDA:0,(anonymous_8)
FNDA:0,(anonymous_9)
FNDA:0,(anonymous_10)
FNDA:0,(anonymous_11)
FNDA:0,(anonymous_12)
FNDA:0,(anonymous_13)
FNDA:0,(anonymous_14)
FNDA:0,(anonymous_15)
DA:3,0
DA:5,0
DA:6,0
DA:18,0
DA:19,0
DA:20,0
DA:21,0
DA:23,0
DA:24,0
DA:25,0
DA:27,0
DA:30,0
DA:31,0
DA:44,0
DA:54,0
DA:55,0
DA:58,0
DA:70,0
DA:77,0
DA:99,0
DA:101,0
DA:119,0
LF:22
LH:0
BRDA:25,0,0,0
BRDA:25,0,1,0
BRDA:53,1,0,0
BRDA:88,2,0,0
BRDA:88,2,1,0
BRDA:102,3,0,0
BRDA:102,3,1,0
BRDA:117,4,0,0
BRDA:117,4,1,0
BRF:9
BRH:0
end_of_record
TN:
SF:components/GoogleLoginButton.tsx
FN:5,GoogleLoginButton
FN:9,(anonymous_5)
FN:18,(anonymous_6)
FN:23,(anonymous_7)
FN:31,(anonymous_8)
FNF:5
FNH:5
FNDA:5,GoogleLoginButton
FNDA:4,(anonymous_5)
FNDA:2,(anonymous_6)
FNDA:1,(anonymous_7)
FNDA:3,(anonymous_8)
DA:3,1
DA:5,4
DA:6,5
DA:7,5
DA:9,5
DA:10,4
DA:12,4
DA:13,1
DA:14,1
DA:15,1
DA:18,3
DA:19,2
DA:20,2
DA:21,2
DA:23,1
DA:25,2
DA:31,3
DA:34,5
LF:18
LH:18
BRDA:12,0,0,1
BRDA:12,0,1,3
BRDA:19,1,0,2
BRDA:19,1,1,0
BRDA:19,2,0,2
BRDA:19,2,1,2
BRDA:34,3,0,1
BRDA:34,3,1,4
BRF:8
BRH:7
end_of_record
TN:
SF:components/Header.tsx
FN:14,Header
FNF:1
FNH:0
FNDA:0,Header
DA:3,0
DA:5,0
DA:14,0
LF:3
LH:0
BRDA:28,0,0,0
BRF:1
BRH:0
end_of_record
TN:
SF:components/LandingPage.tsx
FN:11,LandingPage
FNF:1
FNH:0
FNDA:0,LandingPage
DA:3,0
DA:4,0
DA:11,0
LF:3
LH:0
BRF:0
BRH:0
end_of_record
TN:
SF:components/Login.tsx
FN:15,Login
FN:24,(anonymous_6)
FN:46,(anonymous_7)
FN:76,(anonymous_8)
FN:89,(anonymous_9)
FN:111,(anonymous_10)
FNF:6
FNH:5
FNDA:44,Login
FNDA:3,(anonymous_6)
FNDA:26,(anonymous_7)
FNDA:4,(anonymous_8)
FNDA:4,(anonymous_9)
FNDA:0,(anonymous_10)
DA:3,1
DA:4,1
DA:6,1
DA:7,1
DA:8,1
DA:15,7
DA:16,44
DA:20,44
DA:21,44
DA:22,44
DA:24,44
DA:25,3
DA:26,3
DA:27,3
DA:29,3
DA:31,3
DA:32,1
DA:34,2
DA:37,3
DA:46,26
DA:76,4
DA:89,4
DA:111,0
LF:23
LH:22
BRDA:31,0,0,1
BRDA:31,0,1,2
BRDA:31,1,0,3
BRDA:31,1,1,1
BRDA:34,2,0,2
BRDA:34,2,1,1
BRDA:50,3,0,44
BRDA:62,4,0,44
BRDA:99,5,0,3
BRDA:99,5,1,41
BRDA:102,6,0,3
BRDA:102,6,1,41
BRDA:109,7,0,37
BRF:13
BRH:13
end_of_record
TN:
SF:components/NotificationBell.tsx
FN:13,NotificationBell
FN:17,(anonymous_5)
FN:21,(anonymous_6)
FN:25,(anonymous_7)
FN:26,(anonymous_8)
FN:29,(anonymous_9)
FN:33,(anonymous_10)
FN:38,(anonymous_11)
FNF:8
FNH:0
FNDA:0,NotificationBell
FNDA:0,(anonymous_5)
FNDA:0,(anonymous_6)
FNDA:0,(anonymous_7)
FNDA:0,(anonymous_8)
FNDA:0,(anonymous_9)
FNDA:0,(anonymous_10)
FNDA:0,(anonymous_11)
DA:3,0
DA:4,0
DA:5,0
DA:6,0
DA:13,0
DA:14,0
DA:15,0
DA:17,0
DA:18,0
DA:21,0
DA:22,0
DA:25,0
DA:26,0
DA:29,0
DA:30,0
DA:32,0
DA:33,0
DA:34,0
DA:38,0
DA:39,0
DA:40,0
LF:21
LH:0
BRDA:30,0,0,0
BRDA:30,0,1,0
BRDA:50,1,0,0
BRDA:52,2,0,0
BRDA:52,2,1,0
BRF:5
BRH:0
end_of_record
TN:
SF:components/NotificationsView.tsx
FN:20,timeAgo
FN:35,NotificationsView
FN:41,(anonymous_6)
FN:48,(anonymous_7)
FN:52,(anonymous_8)
FN:53,(anonymous_9)
FN:56,(anonymous_10)
FN:60,(anonymous_11)
FN:65,(anonymous_12)
FN:67,(anonymous_13)
FN:68,(anonymous_14)
FN:72,(anonymous_15)
FN:74,(anonymous_16)
FN:74,(anonymous_17)
FN:77,(anonymous_18)
FN:88,(anonymous_19)
FN:90,(anonymous_20)
FN:94,(anonymous_21)
FN:95,(anonymous_22)
FN:107,(anonymous_23)
FN:115,(anonymous_24)
FN:128,(anonymous_25)
FN:130,(anonymous_26)
FN:175,(anonymous_27)
FN:178,(anonymous_28)
FN:208,(anonymous_29)
FN:218,(anonymous_30)
FNF:27
FNH:0
FNDA:0,timeAgo
FNDA:0,NotificationsView
FNDA:0,(anonymous_6)
FNDA:0,(anonymous_7)
FNDA:0,(anonymous_8)
FNDA:0,(anonymous_9)
FNDA:0,(anonymous_10)
FNDA:0,(anonymous_11)
FNDA:0,(anonymous_12)
FNDA:0,(anonymous_13)
FNDA:0,(anonymous_14)
FNDA:0,(anonymous_15)
FNDA:0,(anonymous_16)
FNDA:0,(anonymous_17)
FNDA:0,(anonymous_18)
FNDA:0,(anonymous_19)
FNDA:0,(anonymous_20)
FNDA:0,(anonymous_21)
FNDA:0,(anonymous_22)
FNDA:0,(anonymous_23)
FNDA:0,(anonymous_24)
FNDA:0,(anonymous_25)
FNDA:0,(anonymous_26)
FNDA:0,(anonymous_27)
FNDA:0,(anonymous_28)
FNDA:0,(anonymous_29)
FNDA:0,(anonymous_30)
DA:3,0
DA:4,0
DA:9,0
DA:10,0
DA:21,0
DA:22,0
DA:23,0
DA:24,0
DA:25,0
DA:26,0
DA:28,0
DA:29,0
DA:30,0
DA:31,0
DA:32,0
DA:35,0
DA:36,0
DA:37,0
DA:38,0
DA:39,0
DA:41,0
DA:42,0
DA:43,0
DA:44,0
DA:45,0
DA:48,0
DA:49,0
DA:52,0
DA:53,0
DA:56,0
DA:57,0
DA:59,0
DA:60,0
DA:61,0
DA:65,0
DA:66,0
DA:67,0
DA:68,0
DA:72,0
DA:73,0
DA:74,0
DA:77,0
DA:78,0
DA:79,0
DA:80,0
DA:82,0
DA:83,0
DA:84,0
DA:88,0
DA:89,0
DA:90,0
DA:91,0
DA:92,0
DA:93,0
DA:94,0
DA:95,0
DA:107,0
DA:108,0
DA:109,0
DA:110,0
DA:115,0
DA:116,0
DA:128,0
DA:130,0
DA:131,0
DA:176,0
DA:178,0
DA:209,0
DA:210,0
DA:219,0
DA:220,0
LF:71
LH:0
BRDA:28,0,0,0
BRDA:28,0,1,0
BRDA:29,1,0,0
BRDA:29,1,1,0
BRDA:30,2,0,0
BRDA:30,2,1,0
BRDA:31,3,0,0
BRDA:31,3,1,0
BRDA:57,4,0,0
BRDA:57,4,1,0
BRDA:68,5,0,0
BRDA:68,5,1,0
BRDA:78,6,0,0
BRDA:78,6,1,0
BRDA:79,7,0,0
BRDA:79,7,1,0
BRDA:83,8,0,0
BRDA:83,8,1,0
BRDA:89,9,0,0
BRDA:89,9,1,0
BRDA:95,10,0,0
BRDA:95,10,1,0
BRDA:99,11,0,0
BRDA:99,11,1,0
BRDA:100,12,0,0
BRDA:100,12,1,0
BRDA:131,13,0,0
BRDA:131,13,1,0
BRDA:146,14,0,0
BRDA:152,15,0,0
BRDA:165,16,0,0
BRDA:169,17,0,0
BRDA:180,18,0,0
BRDA:180,18,1,0
BRDA:182,19,0,0
BRDA:182,19,1,0
BRDA:191,20,0,0
BRDA:191,20,1,0
BRDA:198,21,0,0
BRDA:200,22,0,0
BRDA:200,22,1,0
BRDA:205,23,0,0
BRDA:230,24,0,0
BRDA:230,24,1,0
BRDA:234,25,0,0
BRDA:234,25,1,0
BRDA:239,26,0,0
BRF:47
BRH:0
end_of_record
TN:
SF:components/PasswordStrengthIndicator.tsx
FN:11,PasswordStrengthIndicator
FN:43,(anonymous_3)
FNF:2
FNH:0
FNDA:0,PasswordStrengthIndicator
FNDA:0,(anonymous_3)
DA:3,0
DA:4,0
DA:11,0
DA:15,0
DA:17,0
DA:44,0
LF:6
LH:0
BRDA:13,0,0,0
BRDA:15,1,0,0
BRDA:15,1,1,0
BRDA:41,2,0,0
BRDA:41,2,1,0
BRDA:53,3,0,0
BRDA:53,3,1,0
BRF:7
BRH:0
end_of_record
TN:
SF:components/Register.tsx
FN:16,Register
FN:26,(anonymous_6)
FN:77,(anonymous_7)
FN:86,(anonymous_8)
FN:101,(anonymous_9)
FNF:5
FNH:0
FNDA:0,Register
FNDA:0,(anonymous_6)
FNDA:0,(anonymous_7)
FNDA:0,(anonymous_8)
FNDA:0,(anonymous_9)
DA:3,0
DA:5,0
DA:6,0
DA:7,0
DA:8,0
DA:16,0
DA:17,0
DA:22,0
DA:23,0
DA:24,0
DA:26,0
DA:27,0
DA:28,0
DA:29,0
DA:32,0
DA:33,0
DA:34,0
DA:37,0
DA:39,0
DA:41,0
DA:42,0
DA:44,0
DA:47,0
DA:77,0
DA:86,0
DA:102,0
DA:103,0
LF:27
LH:0
BRDA:32,0,0,0
BRDA:32,0,1,0
BRDA:41,1,0,0
BRDA:41,1,1,0
BRDA:41,2,0,0
BRDA:41,2,1,0
BRDA:44,3,0,0
BRDA:44,3,1,0
BRDA:53,4,0,0
BRDA:65,5,0,0
BRDA:98,6,0,0
BRDA:98,6,1,0
BRDA:112,7,0,0
BRDA:121,8,0,0
BRDA:121,8,1,0
BRF:15
BRH:0
end_of_record
TN:
SF:components/Sidebar.tsx
FN:13,Sidebar
FN:26,(anonymous_3)
FN:29,(anonymous_4)
FNF:3
FNH:0
FNDA:0,Sidebar
FNDA:0,(anonymous_3)
FNDA:0,(anonymous_4)
DA:3,0
DA:13,0
DA:27,0
DA:29,0
LF:4
LH:0
BRDA:31,0,0,0
BRDA:31,0,1,0
BRDA:38,1,0,0
BRDA:38,1,1,0
BRF:4
BRH:0
end_of_record
TN:
SF:components/SocketProvider.tsx
FN:26,SocketProvider
FN:31,(anonymous_8)
FN:55,(anonymous_9)
FN:64,(anonymous_10)
FN:69,(anonymous_11)
FN:73,(anonymous_12)
FN:79,(anonymous_13)
FN:85,(anonymous_14)
FN:91,(anonymous_15)
FN:97,(anonymous_16)
FN:103,(anonymous_17)
FN:109,(anonymous_18)
FN:131,useSocket
FN:140,useSocketEvent
FN:143,(anonymous_21)
FN:145,(anonymous_22)
FNF:16
FNH:2
FNDA:20,SocketProvider
FNDA:20,(anonymous_8)
FNDA:0,(anonymous_9)
FNDA:0,(anonymous_10)
FNDA:0,(anonymous_11)
FNDA:0,(anonymous_12)
FNDA:0,(anonymous_13)
FNDA:0,(anonymous_14)
FNDA:0,(anonymous_15)
FNDA:0,(anonymous_16)
FNDA:0,(anonymous_17)
FNDA:0,(anonymous_18)
FNDA:0,useSocket
FNDA:0,useSocketEvent
FNDA:0,(anonymous_21)
FNDA:0,(anonymous_22)
DA:3,2
DA:4,2
DA:19,2
DA:26,2
DA:27,20
DA:28,20
DA:29,20
DA:31,20
DA:32,20
DA:34,20
DA:35,0
DA:36,0
DA:37,0
DA:38,0
DA:40,20
DA:44,0
DA:52,0
DA:53,0
DA:55,0
DA:56,0
DA:57,0
DA:59,0
DA:61,0
DA:64,0
DA:65,0
DA:66,0
DA:69,0
DA:70,0
DA:73,0
DA:74,0
DA:75,0
DA:79,20
DA:80,0
DA:81,0
DA:85,20
DA:86,0
DA:87,0
DA:91,20
DA:92,0
DA:93,0
DA:97,20
DA:98,0
DA:99,0
DA:103,20
DA:104,0
DA:105,0
DA:109,20
DA:110,0
DA:111,0
DA:131,2
DA:132,0
DA:133,0
DA:134,0
DA:136,0
DA:140,2
DA:141,0
DA:143,0
DA:144,0
DA:145,0
DA:146,0
LF:60
LH:19
BRDA:32,0,0,20
BRDA:32,0,1,0
BRDA:34,1,0,0
BRDA:34,1,1,20
BRDA:80,2,0,0
BRDA:80,2,1,0
BRDA:86,3,0,0
BRDA:86,3,1,0
BRDA:92,4,0,0
BRDA:92,4,1,0
BRDA:98,5,0,0
BRDA:98,5,1,0
BRDA:104,6,0,0
BRDA:104,6,1,0
BRDA:110,7,0,0
BRDA:110,7,1,0
BRDA:133,8,0,0
BRDA:133,8,1,0
BRDA:140,9,0,0
BRF:19
BRH:2
end_of_record
TN:
SF:components/UserSettings.tsx
FN:5,UserSettings
FNF:1
FNH:0
FNDA:0,UserSettings
DA:3,0
DA:5,0
LF:2
LH:0
BRF:0
BRH:0
end_of_record
TN:
SF:components/WorkspaceAdminPanel.tsx
FN:29,WorkspaceAdminPanel
FN:64,(anonymous_5)
FN:69,(anonymous_6)
FN:75,(anonymous_7)
FN:81,(anonymous_8)
FN:87,(anonymous_9)
FN:93,(anonymous_10)
FN:104,(anonymous_11)
FN:114,(anonymous_12)
FN:126,(anonymous_13)
FN:137,(anonymous_14)
FN:142,(anonymous_15)
FN:153,(anonymous_16)
FN:156,(anonymous_17)
FN:158,(anonymous_18)
FN:166,(anonymous_19)
FN:171,(anonymous_20)
FN:173,(anonymous_21)
FN:178,(anonymous_22)
FN:188,(anonymous_23)
FN:200,(anonymous_24)
FN:203,(anonymous_25)
FN:205,(anonymous_26)
FN:210,(anonymous_27)
FN:218,(anonymous_28)
FN:226,(anonymous_29)
FN:252,(anonymous_30)
FN:265,(anonymous_31)
FN:276,(anonymous_32)
FN:287,(anonymous_33)
FN:314,(anonymous_34)
FN:324,(anonymous_35)
FN:332,(anonymous_36)
FN:336,(anonymous_37)
FN:374,(anonymous_38)
FN:387,(anonymous_39)
FN:400,(anonymous_40)
FN:419,(anonymous_41)
FN:440,(anonymous_42)
FN:451,(anonymous_43)
FN:454,(anonymous_44)
FN:472,(anonymous_45)
FN:501,(anonymous_46)
FN:506,(anonymous_47)
FN:543,(anonymous_48)
FN:559,(anonymous_49)
FNF:46
FNH:0
FNDA:0,WorkspaceAdminPanel
FNDA:0,(anonymous_5)
FNDA:0,(anonymous_6)
FNDA:0,(anonymous_7)
FNDA:0,(anonymous_8)
FNDA:0,(anonymous_9)
FNDA:0,(anonymous_10)
FNDA:0,(anonymous_11)
FNDA:0,(anonymous_12)
FNDA:0,(anonymous_13)
FNDA:0,(anonymous_14)
FNDA:0,(anonymous_15)
FNDA:0,(anonymous_16)
FNDA:0,(anonymous_17)
FNDA:0,(anonymous_18)
FNDA:0,(anonymous_19)
FNDA:0,(anonymous_20)
FNDA:0,(anonymous_21)
FNDA:0,(anonymous_22)
FNDA:0,(anonymous_23)
FNDA:0,(anonymous_24)
FNDA:0,(anonymous_25)
FNDA:0,(anonymous_26)
FNDA:0,(anonymous_27)
FNDA:0,(anonymous_28)
FNDA:0,(anonymous_29)
FNDA:0,(anonymous_30)
FNDA:0,(anonymous_31)
FNDA:0,(anonymous_32)
FNDA:0,(anonymous_33)
FNDA:0,(anonymous_34)
FNDA:0,(anonymous_35)
FNDA:0,(anonymous_36)
FNDA:0,(anonymous_37)
FNDA:0,(anonymous_38)
FNDA:0,(anonymous_39)
FNDA:0,(anonymous_40)
FNDA:0,(anonymous_41)
FNDA:0,(anonymous_42)
FNDA:0,(anonymous_43)
FNDA:0,(anonymous_44)
FNDA:0,(anonymous_45)
FNDA:0,(anonymous_46)
FNDA:0,(anonymous_47)
FNDA:0,(anonymous_48)
FNDA:0,(anonymous_49)
DA:3,0
DA:7,0
DA:11,0
DA:13,0
DA:23,0
DA:29,0
DA:36,0
DA:37,0
DA:38,0
DA:41,0
DA:42,0
DA:43,0
DA:44,0
DA:45,0
DA:48,0
DA:49,0
DA:50,0
DA:53,0
DA:54,0
DA:55,0
DA:56,0
DA:59,0
DA:61,0
DA:62,0
DA:64,0
DA:65,0
DA:69,0
DA:70,0
DA:72,0
DA:75,0
DA:76,0
DA:77,0
DA:81,0
DA:82,0
DA:83,0
DA:87,0
DA:88,0
DA:89,0
DA:93,0
DA:94,0
DA:95,0
DA:98,0
DA:99,0
DA:100,0
DA:101,0
DA:102,0
DA:104,0
DA:105,0
DA:106,0
DA:107,0
DA:108,0
DA:109,0
DA:110,0
DA:114,0
DA:115,0
DA:116,0
DA:117,0
DA:118,0
DA:119,0
DA:120,0
DA:121,0
DA:123,0
DA:126,0
DA:127,0
DA:128,0
DA:129,0
DA:134,0
DA:135,0
DA:136,0
DA:137,0
DA:139,0
DA:142,0
DA:143,0
DA:145,0
DA:146,0
DA:147,0
DA:148,0
DA:150,0
DA:153,0
DA:154,0
DA:155,0
DA:156,0
DA:159,0
DA:163,0
DA:166,0
DA:167,0
DA:169,0
DA:170,0
DA:171,0
DA:173,0
DA:178,0
DA:179,0
DA:180,0
DA:182,0
DA:183,0
DA:185,0
DA:187,0
DA:188,0
DA:192,0
DA:193,0
DA:195,0
DA:197,0
DA:200,0
DA:201,0
DA:202,0
DA:203,0
DA:205,0
DA:210,0
DA:211,0
DA:218,0
DA:219,0
DA:220,0
DA:221,0
DA:222,0
DA:226,0
DA:227,0
DA:228,0
DA:229,0
DA:230,0
DA:234,0
DA:244,0
DA:245,0
DA:252,0
DA:265,0
DA:276,0
DA:287,0
DA:314,0
DA:324,0
DA:333,0
DA:336,0
DA:374,0
DA:387,0
DA:401,0
DA:402,0
DA:420,0
DA:440,0
DA:452,0
DA:454,0
DA:472,0
DA:501,0
DA:506,0
DA:544,0
DA:559,0
LF:143
LH:0
BRDA:70,0,0,0
BRDA:70,0,1,0
BRDA:70,1,0,0
BRDA:70,1,1,0
BRDA:76,2,0,0
BRDA:76,2,1,0
BRDA:82,3,0,0
BRDA:82,3,1,0
BRDA:88,4,0,0
BRDA:88,4,1,0
BRDA:94,5,0,0
BRDA:94,5,1,0
BRDA:117,6,0,0
BRDA:117,6,1,0
BRDA:120,7,0,0
BRDA:120,7,1,0
BRDA:121,8,0,0
BRDA:121,8,1,0
BRDA:134,9,0,0
BRDA:134,9,1,0
BRDA:143,10,0,0
BRDA:143,10,1,0
BRDA:147,11,0,0
BRDA:147,11,1,0
BRDA:155,12,0,0
BRDA:155,12,1,0
BRDA:159,13,0,0
BRDA:159,13,1,0
BRDA:167,14,0,0
BRDA:167,14,1,0
BRDA:170,15,0,0
BRDA:170,15,1,0
BRDA:180,16,0,0
BRDA:180,16,1,0
BRDA:187,17,0,0
BRDA:187,17,1,0
BRDA:187,18,0,0
BRDA:187,18,1,0
BRDA:190,19,0,0
BRDA:190,19,1,0
BRDA:195,20,0,0
BRDA:195,20,1,0
BRDA:202,21,0,0
BRDA:202,21,1,0
BRDA:219,22,0,0
BRDA:219,22,1,0
BRDA:219,22,2,0
BRDA:227,23,0,0
BRDA:227,23,1,0
BRDA:227,23,2,0
BRDA:234,24,0,0
BRDA:234,24,1,0
BRDA:244,25,0,0
BRDA:244,25,1,0
BRDA:267,26,0,0
BRDA:267,26,1,0
BRDA:278,27,0,0
BRDA:278,27,1,0
BRDA:284,28,0,0
BRDA:284,28,1,0
BRDA:289,29,0,0
BRDA:289,29,1,0
BRDA:296,30,0,0
BRDA:307,31,0,0
BRDA:338,32,0,0
BRDA:338,32,1,0
BRDA:349,33,0,0
BRDA:349,33,1,0
BRDA:352,34,0,0
BRDA:352,34,1,0
BRDA:354,35,0,0
BRDA:354,35,1,0
BRDA:357,36,0,0
BRDA:357,36,1,0
BRDA:357,37,0,0
BRDA:357,37,1,0
BRDA:362,38,0,0
BRDA:373,39,0,0
BRDA:393,40,0,0
BRDA:393,40,1,0
BRDA:396,41,0,0
BRDA:397,42,0,0
BRDA:397,42,1,0
BRDA:417,43,0,0
BRDA:423,44,0,0
BRDA:423,44,1,0
BRDA:427,45,0,0
BRDA:427,45,1,0
BRDA:428,46,0,0
BRDA:440,47,0,0
BRDA:440,47,1,0
BRDA:441,48,0,0
BRDA:441,48,1,0
BRDA:441,48,2,0
BRDA:449,49,0,0
BRDA:455,50,0,0
BRDA:455,50,1,0
BRDA:470,51,0,0
BRDA:470,51,1,0
BRDA:470,51,2,0
BRDA:486,52,0,0
BRDA:509,53,0,0
BRDA:516,54,0,0
BRDA:516,54,1,0
BRDA:519,55,0,0
BRDA:524,56,0,0
BRDA:538,57,0,0
BRDA:554,58,0,0
BRDA:554,58,1,0
BRF:109
BRH:0
end_of_record
TN:
SF:components/WorkspaceList.tsx
FN:17,WorkspaceList
FN:28,(anonymous_5)
FN:41,(anonymous_6)
FN:60,(anonymous_7)
FN:70,(anonymous_8)
FN:71,(anonymous_9)
FN:74,(anonymous_10)
FN:86,(anonymous_11)
FN:97,(anonymous_12)
FN:104,(anonymous_13)
FN:108,(anonymous_14)
FN:120,(anonymous_15)
FN:146,(anonymous_16)
FN:154,(anonymous_17)
FN:157,(anonymous_18)
FNF:15
FNH:0
FNDA:0,WorkspaceList
FNDA:0,(anonymous_5)
FNDA:0,(anonymous_6)
FNDA:0,(anonymous_7)
FNDA:0,(anonymous_8)
FNDA:0,(anonymous_9)
FNDA:0,(anonymous_10)
FNDA:0,(anonymous_11)
FNDA:0,(anonymous_12)
FNDA:0,(anonymous_13)
FNDA:0,(anonymous_14)
FNDA:0,(anonymous_15)
FNDA:0,(anonymous_16)
FNDA:0,(anonymous_17)
FNDA:0,(anonymous_18)
DA:3,0
DA:4,0
DA:13,0
DA:17,0
DA:22,0
DA:23,0
DA:24,0
DA:25,0
DA:26,0
DA:28,0
DA:29,0
DA:30,0
DA:32,0
DA:33,0
DA:34,0
DA:35,0
DA:36,0
DA:37,0
DA:38,0
DA:41,0
DA:42,0
DA:60,0
DA:70,0
DA:71,0
DA:74,0
DA:86,0
DA:97,0
DA:105,0
DA:108,0
DA:120,0
DA:146,0
DA:155,0
DA:157,0
LF:33
LH:0
BRDA:30,0,0,0
BRDA:30,0,1,0
BRDA:69,1,0,0
BRDA:110,2,0,0
BRDA:110,2,1,0
BRDA:129,3,0,0
BRDA:129,3,1,0
BRDA:131,4,0,0
BRDA:131,4,1,0
BRDA:141,5,0,0
BRDA:163,6,0,0
BRDA:163,6,1,0
BRDA:170,7,0,0
BRDA:178,8,0,0
BRDA:178,8,1,0
BRDA:182,9,0,0
BRDA:182,9,1,0
BRF:17
BRH:0
end_of_record
TN:
SF:components/WorkspaceView.tsx
FN:21,WorkspaceView
FN:35,(anonymous_5)
FN:45,(anonymous_6)
FN:51,(anonymous_7)
FN:57,(anonymous_8)
FN:59,(anonymous_9)
FN:61,(anonymous_10)
FN:67,(anonymous_11)
FN:69,(anonymous_12)
FN:71,(anonymous_13)
FN:76,(anonymous_14)
FN:82,(anonymous_15)
FN:83,(anonymous_16)
FN:91,(anonymous_17)
FN:103,(anonymous_18)
FN:114,(anonymous_19)
FN:129,(anonymous_20)
FN:134,(anonymous_21)
FN:136,(anonymous_22)
FN:142,(anonymous_23)
FN:150,(anonymous_24)
FN:221,(anonymous_25)
FN:232,(anonymous_26)
FN:233,(anonymous_27)
FN:236,(anonymous_28)
FN:248,(anonymous_29)
FN:255,(anonymous_30)
FN:259,(anonymous_31)
FN:271,(anonymous_32)
FN:296,(anonymous_33)
FN:305,(anonymous_34)
FN:311,(anonymous_35)
FN:323,(anonymous_36)
FN:335,(anonymous_37)
FN:366,(anonymous_38)
FN:392,(anonymous_39)
FNF:36
FNH:30
FNDA:19,WorkspaceView
FNDA:5,(anonymous_5)
FNDA:5,(anonymous_6)
FNDA:19,(anonymous_7)
FNDA:2,(anonymous_8)
FNDA:1,(anonymous_9)
FNDA:1,(anonymous_10)
FNDA:2,(anonymous_11)
FNDA:1,(anonymous_12)
FNDA:2,(anonymous_13)
FNDA:1,(anonymous_14)
FNDA:0,(anonymous_15)
FNDA:1,(anonymous_16)
FNDA:1,(anonymous_17)
FNDA:19,(anonymous_18)
FNDA:1,(anonymous_19)
FNDA:1,(anonymous_20)
FNDA:1,(anonymous_21)
FNDA:1,(anonymous_22)
FNDA:56,(anonymous_23)
FNDA:56,(anonymous_24)
FNDA:1,(anonymous_25)
FNDA:0,(anonymous_26)
FNDA:2,(anonymous_27)
FNDA:0,(anonymous_28)
FNDA:1,(anonymous_29)
FNDA:32,(anonymous_30)
FNDA:1,(anonymous_31)
FNDA:0,(anonymous_32)
FNDA:0,(anonymous_33)
FNDA:14,(anonymous_34)
FNDA:0,(anonymous_35)
FNDA:1,(anonymous_36)
FNDA:1,(anonymous_37)
FNDA:42,(anonymous_38)
FNDA:14,(anonymous_39)
DA:3,1
DA:4,1
DA:5,1
DA:7,1
DA:17,1
DA:21,5
DA:22,19
DA:23,19
DA:24,19
DA:26,19
DA:27,19
DA:28,19
DA:29,19
DA:31,19
DA:33,19
DA:35,19
DA:36,5
DA:40,5
DA:41,5
DA:42,5
DA:45,19
DA:46,5
DA:47,5
DA:51,19
DA:52,19
DA:54,19
DA:57,19
DA:58,2
DA:59,1
DA:60,1
DA:61,1
DA:62,1
DA:67,19
DA:68,2
DA:69,1
DA:70,1
DA:71,2
DA:76,19
DA:77,1
DA:78,0
DA:82,19
DA:83,19
DA:84,1
DA:86,1
DA:88,0
DA:91,19
DA:92,1
DA:93,0
DA:96,19
DA:97,19
DA:98,19
DA:99,19
DA:100,19
DA:101,19
DA:103,19
DA:104,19
DA:105,19
DA:106,19
DA:107,19
DA:108,19
DA:109,19
DA:110,19
DA:114,19
DA:115,1
DA:116,1
DA:118,1
DA:119,1
DA:120,1
DA:122,1
DA:123,1
DA:124,1
DA:126,1
DA:129,19
DA:130,1
DA:132,1
DA:133,1
DA:134,1
DA:136,1
DA:139,1
DA:142,19
DA:143,56
DA:150,19
DA:151,56
DA:152,14
DA:153,14
DA:154,28
DA:158,19
DA:159,19
DA:161,19
DA:169,14
DA:221,1
DA:232,0
DA:233,2
DA:236,0
DA:248,1
DA:256,32
DA:259,1
DA:271,0
DA:296,0
DA:306,14
DA:311,0
DA:324,1
DA:325,1
DA:336,1
DA:337,1
DA:367,42
DA:393,14
LF:107
LH:99
BRDA:52,0,0,0
BRDA:52,0,1,19
BRDA:52,1,0,19
BRDA:52,1,1,19
BRDA:58,2,0,1
BRDA:58,2,1,1
BRDA:60,3,0,0
BRDA:60,3,1,1
BRDA:61,4,0,0
BRDA:61,4,1,1
BRDA:62,5,0,1
BRDA:62,5,1,0
BRDA:68,6,0,1
BRDA:68,6,1,1
BRDA:70,7,0,0
BRDA:70,7,1,1
BRDA:77,8,0,1
BRDA:77,8,1,0
BRDA:84,9,0,1
BRDA:84,9,1,0
BRDA:92,10,0,1
BRDA:92,10,1,0
BRDA:116,11,0,0
BRDA:116,11,1,1
BRDA:120,12,0,1
BRDA:120,12,1,0
BRDA:120,13,0,1
BRDA:120,13,1,1
BRDA:130,14,0,0
BRDA:130,14,1,1
BRDA:133,15,0,1
BRDA:133,15,1,0
BRDA:151,16,0,14
BRDA:151,16,1,14
BRDA:151,16,2,28
BRDA:158,17,0,19
BRDA:158,17,1,5
BRDA:161,18,0,5
BRDA:161,18,1,14
BRDA:169,19,0,0
BRDA:169,19,1,14
BRDA:185,20,0,14
BRDA:185,20,1,0
BRDA:196,21,0,14
BRDA:206,22,0,14
BRDA:219,23,0,14
BRDA:231,24,0,14
BRDA:261,25,0,4
BRDA:261,25,1,28
BRDA:279,26,0,4
BRDA:279,26,1,3
BRDA:281,27,0,1
BRDA:281,27,1,3
BRDA:291,28,0,1
BRDA:294,29,0,1
BRDA:313,30,0,14
BRDA:313,30,1,2
BRDA:319,31,0,14
BRDA:325,32,0,0
BRDA:325,32,1,1
BRDA:332,33,0,14
BRDA:362,34,0,14
BRDA:362,34,1,0
BRDA:369,35,0,42
BRDA:369,35,1,14
BRDA:373,36,0,42
BRDA:373,36,1,14
BRDA:378,37,0,42
BRDA:388,38,0,14
BRDA:388,38,1,14
BRF:70
BRH:54
end_of_record
TN:
SF:components/board/BoardAdminPanel.tsx
FN:38,BoardAdminPanel
FN:54,(anonymous_5)
FN:58,(anonymous_6)
FN:71,(anonymous_7)
FN:74,(anonymous_8)
FN:81,(anonymous_9)
FN:85,(anonymous_10)
FN:98,(anonymous_11)
FN:102,(anonymous_12)
FN:104,(anonymous_13)
FN:115,(anonymous_14)
FN:118,(anonymous_15)
FN:120,(anonymous_16)
FN:128,(anonymous_17)
FN:148,(anonymous_18)
FN:161,(anonymous_19)
FN:172,(anonymous_20)
FN:191,(anonymous_21)
FN:194,(anonymous_22)
FN:212,(anonymous_23)
FN:216,(anonymous_24)
FN:235,(anonymous_25)
FN:240,(anonymous_26)
FN:251,(anonymous_27)
FN:262,(anonymous_28)
FN:271,(anonymous_29)
FN:279,(anonymous_30)
FN:281,(anonymous_31)
FN:285,(anonymous_32)
FN:292,(anonymous_33)
FN:308,(anonymous_34)
FN:315,(anonymous_35)
FN:334,(anonymous_36)
FN:336,(anonymous_37)
FN:339,(anonymous_38)
FN:342,(anonymous_39)
FN:359,(anonymous_40)
FN:371,(anonymous_41)
FNF:38
FNH:33
FNDA:33,BoardAdminPanel
FNDA:5,(anonymous_5)
FNDA:5,(anonymous_6)
FNDA:3,(anonymous_7)
FNDA:2,(anonymous_8)
FNDA:3,(anonymous_9)
FNDA:2,(anonymous_10)
FNDA:1,(anonymous_11)
FNDA:1,(anonymous_12)
FNDA:1,(anonymous_13)
FNDA:1,(anonymous_14)
FNDA:1,(anonymous_15)
FNDA:2,(anonymous_16)
FNDA:2,(anonymous_17)
FNDA:18,(anonymous_18)
FNDA:0,(anonymous_19)
FNDA:3,(anonymous_20)
FNDA:80,(anonymous_21)
FNDA:1,(anonymous_22)
FNDA:0,(anonymous_23)
FNDA:0,(anonymous_24)
FNDA:1,(anonymous_25)
FNDA:1,(anonymous_26)
FNDA:1,(anonymous_27)
FNDA:22,(anonymous_28)
FNDA:1,(anonymous_29)
FNDA:1,(anonymous_30)
FNDA:1,(anonymous_31)
FNDA:0,(anonymous_32)
FNDA:1,(anonymous_33)
FNDA:2,(anonymous_34)
FNDA:1,(anonymous_35)
FNDA:3,(anonymous_36)
FNDA:0,(anonymous_37)
FNDA:70,(anonymous_38)
FNDA:1,(anonymous_39)
FNDA:1,(anonymous_40)
FNDA:3,(anonymous_41)
DA:3,1
DA:4,1
DA:11,1
DA:20,1
DA:25,1
DA:38,5
DA:39,33
DA:40,33
DA:41,33
DA:43,33
DA:44,33
DA:46,33
DA:47,33
DA:48,33
DA:50,33
DA:51,33
DA:52,33
DA:54,33
DA:55,5
DA:58,33
DA:59,5
DA:60,5
DA:61,5
DA:62,5
DA:63,5
DA:64,5
DA:65,5
DA:68,5
DA:71,33
DA:72,3
DA:73,3
DA:74,2
DA:75,2
DA:76,1
DA:77,1
DA:81,33
DA:82,3
DA:83,2
DA:84,2
DA:85,2
DA:89,2
DA:90,2
DA:91,2
DA:92,2
DA:93,0
DA:94,0
DA:98,33
DA:99,1
DA:100,1
DA:101,1
DA:102,1
DA:105,1
DA:108,1
DA:109,1
DA:110,0
DA:111,0
DA:115,33
DA:116,1
DA:117,1
DA:118,1
DA:120,2
DA:122,1
DA:123,0
DA:124,0
DA:128,33
DA:129,2
DA:130,2
DA:131,2
DA:134,33
DA:148,18
DA:161,0
DA:172,3
DA:192,80
DA:194,1
DA:212,0
DA:216,0
DA:235,1
DA:240,1
DA:251,1
DA:263,22
DA:271,1
DA:279,1
DA:281,1
DA:285,0
DA:292,1
DA:308,2
DA:315,1
DA:334,3
DA:336,0
DA:340,70
DA:342,1
DA:360,1
DA:361,1
DA:371,3
LF:94
LH:83
BRDA:61,0,0,5
BRDA:61,0,1,0
BRDA:63,1,0,5
BRDA:63,1,1,0
BRDA:65,2,0,0
BRDA:65,2,1,5
BRDA:73,3,0,2
BRDA:73,3,1,1
BRDA:76,4,0,1
BRDA:76,4,1,0
BRDA:82,5,0,1
BRDA:82,5,1,2
BRDA:84,6,0,2
BRDA:84,6,1,0
BRDA:84,7,0,2
BRDA:84,7,1,2
BRDA:93,8,0,0
BRDA:93,8,1,0
BRDA:99,9,0,0
BRDA:99,9,1,1
BRDA:101,10,0,1
BRDA:101,10,1,0
BRDA:105,11,0,1
BRDA:105,11,1,0
BRDA:110,12,0,0
BRDA:110,12,1,0
BRDA:117,13,0,1
BRDA:117,13,1,0
BRDA:123,14,0,0
BRDA:123,14,1,0
BRDA:134,15,0,5
BRDA:134,15,1,28
BRDA:163,16,0,8
BRDA:163,16,1,20
BRDA:174,17,0,20
BRDA:174,17,1,8
BRDA:186,18,0,28
BRDA:196,19,0,7
BRDA:196,19,1,73
BRDA:211,20,0,7
BRDA:211,20,1,1
BRDA:234,21,0,1
BRDA:234,21,1,7
BRDA:249,22,0,8
BRDA:260,23,0,28
BRDA:265,24,0,4
BRDA:281,25,0,1
BRDA:281,25,1,1
BRDA:327,26,0,7
BRDA:336,27,0,0
BRDA:336,27,1,0
BRDA:345,28,0,7
BRDA:345,28,1,63
BRF:53
BRH:36
end_of_record
TN:
SF:components/board/BoardHeader.tsx
FN:13,(anonymous_2)
FN:17,(anonymous_3)
FN:39,(anonymous_4)
FN:41,(anonymous_5)
FN:45,(anonymous_6)
FN:55,(anonymous_7)
FNF:6
FNH:6
FNDA:18,(anonymous_2)
FNDA:4,(anonymous_3)
FNDA:2,(anonymous_4)
FNDA:1,(anonymous_5)
FNDA:5,(anonymous_6)
FNDA:90,(anonymous_7)
DA:1,1
DA:2,1
DA:13,1
DA:14,18
DA:15,18
DA:17,18
DA:18,4
DA:19,2
DA:21,4
DA:39,2
DA:41,1
DA:45,5
DA:56,90
DA:76,7
LF:14
LH:14
BRDA:18,0,0,2
BRDA:18,0,1,2
BRDA:35,1,0,7
BRDA:41,2,0,1
BRDA:41,2,1,1
BRF:5
BRH:5
end_of_record
TN:
SF:components/board/BoardTabs.tsx
FN:12,BoardTabs
FN:15,(anonymous_3)
FN:31,(anonymous_4)
FN:44,(anonymous_5)
FN:49,(anonymous_6)
FN:65,(anonymous_7)
FNF:6
FNH:6
FNDA:8,BoardTabs
FNDA:3,(anonymous_3)
FNDA:1,(anonymous_4)
FNDA:21,(anonymous_5)
FNDA:2,(anonymous_6)
FNDA:2,(anonymous_7)
DA:3,1
DA:4,1
DA:12,8
DA:13,8
DA:15,8
DA:16,3
DA:17,3
DA:18,3
DA:25,8
DA:31,1
DA:45,21
DA:46,21
DA:49,2
DA:65,2
LF:14
LH:14
BRDA:16,0,0,3
BRDA:16,0,1,0
BRDA:19,1,0,1
BRDA:19,1,1,2
BRDA:25,2,0,1
BRDA:25,2,1,7
BRDA:49,3,0,2
BRDA:49,3,1,1
BRDA:51,4,0,7
BRDA:51,4,1,14
BRDA:55,5,0,7
BRDA:55,5,1,14
BRDA:55,6,0,7
BRDA:55,6,1,0
BRDA:57,7,0,7
BRDA:57,7,1,14
BRF:16
BRH:14
end_of_record
TN:
SF:components/board/GanttView.tsx
FN:27,GanttView
FN:33,(anonymous_5)
FN:36,(anonymous_6)
FN:37,(anonymous_7)
FN:61,(anonymous_8)
FN:62,(anonymous_9)
FN:63,(anonymous_10)
FN:75,(anonymous_11)
FN:76,(anonymous_12)
FN:84,(anonymous_13)
FN:92,(anonymous_14)
FN:94,(anonymous_15)
FN:95,(anonymous_16)
FN:95,(anonymous_17)
FN:99,(anonymous_18)
FN:107,(anonymous_19)
FN:113,(anonymous_20)
FN:120,(anonymous_21)
FN:123,(anonymous_22)
FN:130,(anonymous_23)
FN:135,(anonymous_24)
FN:137,(anonymous_25)
FN:154,(anonymous_26)
FN:177,(anonymous_27)
FN:204,(anonymous_28)
FN:226,(anonymous_29)
FN:242,(anonymous_30)
FN:248,(anonymous_31)
FN:264,(anonymous_32)
FN:284,generateMonthLabels
FNF:30
FNH:28
FNDA:13,GanttView
FNDA:6,(anonymous_5)
FNDA:6,(anonymous_6)
FNDA:15,(anonymous_7)
FNDA:15,(anonymous_8)
FNDA:30,(anonymous_9)
FNDA:30,(anonymous_10)
FNDA:6,(anonymous_11)
FNDA:0,(anonymous_12)
FNDA:6,(anonymous_13)
FNDA:25,(anonymous_14)
FNDA:10,(anonymous_15)
FNDA:10,(anonymous_16)
FNDA:10,(anonymous_17)
FNDA:19,(anonymous_18)
FNDA:26,(anonymous_19)
FNDA:19,(anonymous_20)
FNDA:13,(anonymous_21)
FNDA:15,(anonymous_22)
FNDA:6,(anonymous_23)
FNDA:4,(anonymous_24)
FNDA:3,(anonymous_25)
FNDA:4,(anonymous_26)
FNDA:1,(anonymous_27)
FNDA:13,(anonymous_28)
FNDA:10,(anonymous_29)
FNDA:19,(anonymous_30)
FNDA:1,(anonymous_31)
FNDA:0,(anonymous_32)
FNDA:7,generateMonthLabels
DA:3,1
DA:4,1
DA:5,1
DA:27,6
DA:28,13
DA:29,13
DA:30,13
DA:33,13
DA:34,6
DA:36,6
DA:37,6
DA:39,15
DA:41,15
DA:42,15
DA:44,15
DA:57,6
DA:60,6
DA:61,15
DA:62,30
DA:63,30
DA:65,6
DA:73,13
DA:75,13
DA:76,6
DA:80,6
DA:81,6
DA:82,6
DA:84,6
DA:85,6
DA:86,6
DA:87,6
DA:92,13
DA:93,25
DA:94,10
DA:95,10
DA:96,10
DA:99,13
DA:100,19
DA:101,14
DA:102,5
DA:103,5
DA:104,4
DA:107,13
DA:108,26
DA:109,26
DA:110,26
DA:113,13
DA:114,19
DA:115,19
DA:116,19
DA:120,13
DA:121,13
DA:122,12
DA:123,12
DA:124,15
DA:125,15
DA:126,6
DA:128,15
DA:130,12
DA:133,1
DA:135,1
DA:136,4
DA:137,3
DA:138,3
DA:139,3
DA:140,3
DA:142,3
DA:146,1
DA:147,1
DA:148,1
DA:150,1
DA:154,4
DA:158,13
DA:177,1
DA:205,13
DA:227,10
DA:243,19
DA:248,1
DA:264,0
DA:285,7
DA:286,7
DA:287,7
DA:289,7
DA:290,13
DA:291,13
DA:295,13
DA:298,7
LF:87
LH:86
BRDA:39,0,0,0
BRDA:39,0,1,15
BRDA:39,1,0,15
BRDA:39,1,1,0
BRDA:41,2,0,15
BRDA:41,2,1,0
BRDA:42,3,0,11
BRDA:42,3,1,4
BRDA:50,4,0,15
BRDA:50,4,1,3
BRDA:52,5,0,15
BRDA:52,5,1,10
BRDA:60,6,0,6
BRDA:60,6,1,0
BRDA:93,7,0,15
BRDA:93,7,1,10
BRDA:93,8,0,25
BRDA:93,8,1,17
BRDA:94,9,0,10
BRDA:94,9,1,0
BRDA:95,10,0,10
BRDA:95,10,1,0
BRDA:96,11,0,10
BRDA:96,11,1,0
BRDA:100,12,0,5
BRDA:100,12,1,14
BRDA:101,13,0,9
BRDA:101,13,1,5
BRDA:103,14,0,1
BRDA:103,14,1,4
BRDA:103,15,0,5
BRDA:103,15,1,1
BRDA:121,16,0,12
BRDA:121,16,1,1
BRDA:125,17,0,6
BRDA:125,17,1,9
BRDA:136,18,0,3
BRDA:136,18,1,1
BRDA:136,19,0,4
BRDA:136,19,1,4
BRDA:138,20,0,3
BRDA:138,20,1,2
BRDA:138,20,2,1
BRDA:139,21,0,3
BRDA:139,21,1,0
BRDA:147,22,0,1
BRDA:147,22,1,0
BRDA:169,23,0,13
BRDA:169,23,1,0
BRDA:193,24,0,6
BRDA:267,25,0,19
BRF:51
BRH:41
end_of_record
TN:
SF:components/board/InviteModal.tsx
FN:10,(anonymous_4)
FN:14,(anonymous_5)
FN:30,(anonymous_6)
FN:44,(anonymous_7)
FN:53,(anonymous_8)
FN:56,(anonymous_9)
FNF:6
FNH:6
FNDA:12,(anonymous_4)
FNDA:2,(anonymous_5)
FNDA:5,(anonymous_6)
FNDA:2,(anonymous_7)
FNDA:36,(anonymous_8)
FNDA:2,(anonymous_9)
DA:1,1
DA:3,1
DA:10,1
DA:11,12
DA:12,12
DA:14,12
DA:15,2
DA:16,2
DA:17,1
DA:18,1
DA:22,12
DA:30,5
DA:44,2
DA:54,36
DA:56,2
DA:98,8
LF:16
LH:16
BRDA:16,0,0,1
BRDA:16,0,1,1
BRDA:58,1,0,12
BRDA:58,1,1,24
BRDA:63,2,0,12
BRDA:63,2,1,24
BRDA:67,3,0,12
BRDA:67,3,1,24
BRF:8
BRH:8
end_of_record
TN:
SF:components/board/TaskCard.tsx
FN:13,(anonymous_2)
FN:21,(anonymous_4)
FN:29,(anonymous_5)
FN:45,(anonymous_6)
FN:45,(anonymous_7)
FN:46,(anonymous_8)
FN:62,(anonymous_9)
FN:63,(anonymous_10)
FNF:8
FNH:8
FNDA:6,(anonymous_2)
FNDA:1,(anonymous_4)
FNDA:2,(anonymous_5)
FNDA:2,(anonymous_6)
FNDA:3,(anonymous_7)
FNDA:2,(anonymous_8)
FNDA:2,(anonymous_9)
FNDA:3,(anonymous_10)
DA:1,1
DA:2,1
DA:3,1
DA:13,1
DA:21,1
DA:30,2
DA:45,3
DA:46,2
DA:63,3
DA:64,2
DA:84,6
LF:11
LH:11
BRDA:24,0,0,1
BRDA:24,0,1,5
BRDA:27,1,0,6
BRDA:41,2,0,6
BRDA:50,3,0,6
BRDA:50,3,1,5
BRDA:53,4,0,1
BRDA:60,5,0,6
BRDA:64,6,0,1
BRDA:64,6,1,1
BRF:10
BRH:10
end_of_record
TN:
SF:components/board/TaskDescription.tsx
FN:9,(anonymous_4)
FN:13,(anonymous_5)
FN:17,(anonymous_6)
FN:24,(anonymous_7)
FN:42,(anonymous_8)
FN:62,(anonymous_9)
FNF:6
FNH:6
FNDA:22,(anonymous_4)
FNDA:7,(anonymous_5)
FNDA:2,(anonymous_6)
FNDA:1,(anonymous_7)
FNDA:2,(anonymous_8)
FNDA:5,(anonymous_9)
DA:1,1
DA:2,1
DA:9,1
DA:10,22
DA:11,22
DA:13,22
DA:14,7
DA:17,22
DA:18,2
DA:19,1
DA:21,2
DA:24,22
DA:25,1
DA:26,1
DA:42,2
DA:62,5
DA:80,7
LF:17
LH:17
BRDA:14,0,0,7
BRDA:14,0,1,1
BRDA:18,1,0,1
BRDA:18,1,1,1
BRDA:25,2,0,1
BRDA:25,2,1,0
BRDA:37,3,0,13
BRDA:64,4,0,8
BRDA:64,4,1,1
BRDA:70,5,0,8
BRF:10
BRH:9
end_of_record
TN:
SF:components/board/TaskDetailModal.tsx
FN:25,TaskDetailModal
FN:48,(anonymous_5)
FN:63,(anonymous_6)
FN:68,(anonymous_7)
FN:71,(anonymous_8)
FN:91,(anonymous_9)
FN:107,(anonymous_10)
FN:118,(anonymous_11)
FN:125,(anonymous_12)
FN:133,(anonymous_13)
FN:136,(anonymous_14)
FN:144,(anonymous_15)
FN:145,(anonymous_16)
FN:149,(anonymous_17)
FN:151,(anonymous_18)
FN:160,(anonymous_19)
FN:161,(anonymous_20)
FN:172,(anonymous_21)
FN:173,(anonymous_22)
FN:177,(anonymous_23)
FN:179,(anonymous_24)
FN:188,(anonymous_25)
FN:189,(anonymous_26)
FN:200,(anonymous_27)
FN:204,(anonymous_28)
FN:212,(anonymous_29)
FN:216,(anonymous_30)
FN:224,(anonymous_31)
FN:228,(anonymous_32)
FN:239,(anonymous_33)
FN:242,(anonymous_34)
FN:244,(anonymous_35)
FN:251,(anonymous_36)
FN:255,(anonymous_37)
FN:257,(anonymous_38)
FN:270,(anonymous_39)
FN:274,(anonymous_40)
FN:276,(anonymous_41)
FN:280,(anonymous_42)
FN:292,(anonymous_43)
FN:295,(anonymous_44)
FN:297,(anonymous_45)
FN:299,(anonymous_46)
FN:308,(anonymous_47)
FN:313,(anonymous_48)
FN:322,(anonymous_49)
FN:325,(anonymous_50)
FN:327,(anonymous_51)
FN:332,(anonymous_52)
FN:334,(anonymous_53)
FN:338,(anonymous_54)
FN:346,(anonymous_55)
FN:374,(anonymous_56)
FN:386,(anonymous_57)
FN:388,(anonymous_58)
FN:393,(anonymous_59)
FN:416,(anonymous_60)
FN:460,(anonymous_61)
FN:486,(anonymous_62)
FN:496,(anonymous_63)
FN:511,(anonymous_64)
FN:523,(anonymous_65)
FN:531,(anonymous_66)
FN:553,(anonymous_67)
FN:558,(anonymous_68)
FN:565,(anonymous_69)
FN:582,(anonymous_70)
FN:583,(anonymous_71)
FN:587,(anonymous_72)
FN:593,(anonymous_73)
FN:605,(anonymous_74)
FN:632,(anonymous_75)
FN:646,(anonymous_76)
FN:659,(anonymous_77)
FN:683,(anonymous_78)
FN:692,(anonymous_79)
FN:693,(anonymous_80)
FN:697,(anonymous_81)
FN:715,(anonymous_82)
FN:727,(anonymous_83)
FN:728,(anonymous_84)
FN:732,(anonymous_85)
FN:758,(anonymous_86)
FN:759,(anonymous_87)
FN:769,(anonymous_88)
FN:781,(anonymous_89)
FN:793,(anonymous_90)
FN:805,(anonymous_91)
FN:809,(anonymous_92)
FN:822,(anonymous_93)
FN:834,(anonymous_94)
FN:838,(anonymous_95)
FNF:92
FNH:76
FNDA:64,TaskDetailModal
FNDA:9,(anonymous_5)
FNDA:15,(anonymous_6)
FNDA:63,(anonymous_7)
FNDA:1,(anonymous_8)
FNDA:63,(anonymous_9)
FNDA:16,(anonymous_10)
FNDA:1,(anonymous_11)
FNDA:0,(anonymous_12)
FNDA:1,(anonymous_13)
FNDA:1,(anonymous_14)
FNDA:2,(anonymous_15)
FNDA:2,(anonymous_16)
FNDA:0,(anonymous_17)
FNDA:0,(anonymous_18)
FNDA:2,(anonymous_19)
FNDA:1,(anonymous_20)
FNDA:1,(anonymous_21)
FNDA:0,(anonymous_22)
FNDA:0,(anonymous_23)
FNDA:0,(anonymous_24)
FNDA:1,(anonymous_25)
FNDA:1,(anonymous_26)
FNDA:2,(anonymous_27)
FNDA:2,(anonymous_28)
FNDA:2,(anonymous_29)
FNDA:2,(anonymous_30)
FNDA:1,(anonymous_31)
FNDA:1,(anonymous_32)
FNDA:0,(anonymous_33)
FNDA:0,(anonymous_34)
FNDA:0,(anonymous_35)
FNDA:1,(anonymous_36)
FNDA:1,(anonymous_37)
FNDA:1,(anonymous_38)
FNDA:1,(anonymous_39)
FNDA:1,(anonymous_40)
FNDA:1,(anonymous_41)
FNDA:2,(anonymous_42)
FNDA:1,(anonymous_43)
FNDA:1,(anonymous_44)
FNDA:1,(anonymous_45)
FNDA:2,(anonymous_46)
FNDA:1,(anonymous_47)
FNDA:1,(anonymous_48)
FNDA:1,(anonymous_49)
FNDA:1,(anonymous_50)
FNDA:2,(anonymous_51)
FNDA:150,(anonymous_52)
FNDA:279,(anonymous_53)
FNDA:11,(anonymous_54)
FNDA:50,(anonymous_55)
FNDA:25,(anonymous_56)
FNDA:0,(anonymous_57)
FNDA:0,(anonymous_58)
FNDA:1,(anonymous_59)
FNDA:2,(anonymous_60)
FNDA:52,(anonymous_61)
FNDA:1,(anonymous_62)
FNDA:0,(anonymous_63)
FNDA:1,(anonymous_64)
FNDA:50,(anonymous_65)
FNDA:0,(anonymous_66)
FNDA:93,(anonymous_67)
FNDA:1,(anonymous_68)
FNDA:1,(anonymous_69)
FNDA:1,(anonymous_70)
FNDA:0,(anonymous_71)
FNDA:1,(anonymous_72)
FNDA:0,(anonymous_73)
FNDA:1,(anonymous_74)
FNDA:1,(anonymous_75)
FNDA:50,(anonymous_76)
FNDA:1,(anonymous_77)
FNDA:2,(anonymous_78)
FNDA:6,(anonymous_79)
FNDA:7,(anonymous_80)
FNDA:2,(anonymous_81)
FNDA:1,(anonymous_82)
FNDA:2,(anonymous_83)
FNDA:1,(anonymous_84)
FNDA:1,(anonymous_85)
FNDA:2,(anonymous_86)
FNDA:0,(anonymous_87)
FNDA:1,(anonymous_88)
FNDA:2,(anonymous_89)
FNDA:2,(anonymous_90)
FNDA:1,(anonymous_91)
FNDA:1,(anonymous_92)
FNDA:2,(anonymous_93)
FNDA:1,(anonymous_94)
FNDA:1,(anonymous_95)
DA:3,1
DA:8,1
DA:14,1
DA:15,1
DA:25,15
DA:32,64
DA:33,64
DA:35,64
DA:36,64
DA:37,64
DA:38,64
DA:40,64
DA:41,64
DA:42,64
DA:43,64
DA:45,64
DA:46,64
DA:48,64
DA:49,9
DA:50,9
DA:51,9
DA:52,9
DA:53,9
DA:55,64
DA:56,64
DA:58,64
DA:59,64
DA:61,64
DA:63,64
DA:64,15
DA:68,64
DA:69,63
DA:71,63
DA:72,1
DA:74,1
DA:78,63
DA:79,63
DA:80,63
DA:81,63
DA:82,63
DA:83,63
DA:84,63
DA:85,63
DA:86,63
DA:87,63
DA:88,63
DA:89,63
DA:91,63
DA:92,63
DA:93,63
DA:94,63
DA:95,63
DA:96,63
DA:97,63
DA:98,63
DA:99,63
DA:100,63
DA:101,63
DA:102,63
DA:103,63
DA:107,64
DA:108,16
DA:109,16
DA:110,16
DA:111,16
DA:112,16
DA:113,16
DA:115,16
DA:118,64
DA:119,1
DA:120,1
DA:121,1
DA:123,0
DA:124,0
DA:125,0
DA:126,0
DA:127,0
DA:128,0
DA:129,0
DA:133,64
DA:134,1
DA:135,1
DA:136,1
DA:137,1
DA:138,1
DA:139,0
DA:140,0
DA:144,64
DA:145,2
DA:146,2
DA:147,0
DA:148,0
DA:149,0
DA:151,0
DA:153,0
DA:154,0
DA:155,0
DA:158,2
DA:159,2
DA:160,2
DA:161,1
DA:165,1
DA:166,1
DA:167,1
DA:172,64
DA:173,1
DA:174,1
DA:175,0
DA:176,0
DA:177,0
DA:179,0
DA:181,0
DA:182,0
DA:183,0
DA:186,1
DA:187,1
DA:188,1
DA:189,1
DA:193,1
DA:194,0
DA:195,0
DA:200,64
DA:201,2
DA:202,2
DA:203,2
DA:204,2
DA:205,2
DA:206,2
DA:207,0
DA:208,0
DA:212,64
DA:213,2
DA:214,2
DA:215,2
DA:216,2
DA:217,2
DA:218,2
DA:219,0
DA:220,0
DA:224,64
DA:225,1
DA:226,1
DA:227,1
DA:228,1
DA:232,1
DA:233,1
DA:234,0
DA:235,0
DA:239,64
DA:240,0
DA:241,0
DA:242,0
DA:244,0
DA:246,0
DA:247,0
DA:251,64
DA:252,1
DA:253,1
DA:254,1
DA:255,1
DA:258,1
DA:263,1
DA:264,1
DA:265,0
DA:266,0
DA:270,64
DA:271,1
DA:272,1
DA:273,1
DA:274,1
DA:277,1
DA:281,2
DA:287,0
DA:288,0
DA:292,64
DA:293,1
DA:294,1
DA:295,1
DA:298,1
DA:299,2
DA:303,0
DA:304,0
DA:308,64
DA:309,1
DA:310,1
DA:311,1
DA:312,1
DA:313,1
DA:317,1
DA:319,1
DA:322,64
DA:323,1
DA:324,1
DA:325,1
DA:327,2
DA:332,64
DA:333,150
DA:334,279
DA:335,144
DA:338,64
DA:339,11
DA:346,64
DA:347,50
DA:355,64
DA:365,49
DA:367,49
DA:368,49
DA:374,25
DA:386,0
DA:388,0
DA:393,1
DA:417,2
DA:461,52
DA:486,1
DA:497,0
DA:498,0
DA:511,1
DA:524,50
DA:531,0
DA:554,93
DA:558,1
DA:565,1
DA:582,1
DA:583,0
DA:587,1
DA:594,0
DA:595,0
DA:605,1
DA:632,1
DA:647,50
DA:659,1
DA:683,2
DA:693,7
DA:694,6
DA:697,2
DA:715,1
DA:728,2
DA:729,2
DA:732,1
DA:758,2
DA:759,0
DA:770,1
DA:771,1
DA:781,2
DA:793,2
DA:805,1
DA:809,1
DA:822,2
DA:834,1
DA:838,1
LF:250
LH:198
BRDA:69,0,0,0
BRDA:69,0,1,63
BRDA:69,1,0,63
BRDA:69,1,1,63
BRDA:72,2,0,0
BRDA:72,2,1,1
BRDA:110,3,0,16
BRDA:110,3,1,0
BRDA:113,4,0,16
BRDA:113,4,1,0
BRDA:119,5,0,1
BRDA:119,5,1,0
BRDA:119,6,0,1
BRDA:119,6,1,1
BRDA:124,7,0,0
BRDA:124,7,1,0
BRDA:128,8,0,0
BRDA:128,8,1,0
BRDA:135,9,0,1
BRDA:135,9,1,0
BRDA:139,10,0,0
BRDA:139,10,1,0
BRDA:146,11,0,0
BRDA:146,11,1,2
BRDA:148,12,0,0
BRDA:148,12,1,0
BRDA:154,13,0,0
BRDA:154,13,1,0
BRDA:159,14,0,1
BRDA:159,14,1,1
BRDA:166,15,0,1
BRDA:166,15,1,0
BRDA:174,16,0,0
BRDA:174,16,1,1
BRDA:176,17,0,0
BRDA:176,17,1,0
BRDA:182,18,0,0
BRDA:182,18,1,0
BRDA:187,19,0,1
BRDA:187,19,1,0
BRDA:194,20,0,0
BRDA:194,20,1,0
BRDA:201,21,0,1
BRDA:201,21,1,1
BRDA:203,22,0,2
BRDA:203,22,1,0
BRDA:207,23,0,0
BRDA:207,23,1,0
BRDA:213,24,0,1
BRDA:213,24,1,1
BRDA:215,25,0,2
BRDA:215,25,1,0
BRDA:219,26,0,0
BRDA:219,26,1,0
BRDA:225,27,0,0
BRDA:225,27,1,1
BRDA:227,28,0,1
BRDA:227,28,1,0
BRDA:227,29,0,1
BRDA:227,29,1,1
BRDA:234,30,0,0
BRDA:234,30,1,0
BRDA:241,31,0,0
BRDA:241,31,1,0
BRDA:246,32,0,0
BRDA:246,32,1,0
BRDA:252,33,0,0
BRDA:252,33,1,1
BRDA:254,34,0,1
BRDA:254,34,1,0
BRDA:254,35,0,1
BRDA:254,35,1,1
BRDA:258,36,0,1
BRDA:258,36,1,0
BRDA:265,37,0,0
BRDA:265,37,1,0
BRDA:273,38,0,1
BRDA:273,38,1,0
BRDA:277,39,0,1
BRDA:277,39,1,0
BRDA:281,40,0,1
BRDA:281,40,1,1
BRDA:287,41,0,0
BRDA:287,41,1,0
BRDA:294,42,0,1
BRDA:294,42,1,0
BRDA:298,43,0,1
BRDA:298,43,1,0
BRDA:303,44,0,0
BRDA:303,44,1,0
BRDA:309,45,0,0
BRDA:309,45,1,1
BRDA:312,46,0,1
BRDA:312,46,1,0
BRDA:312,47,0,1
BRDA:312,47,1,1
BRDA:324,48,0,1
BRDA:324,48,1,0
BRDA:333,49,0,6
BRDA:333,49,1,144
BRDA:333,50,0,150
BRDA:333,50,1,150
BRDA:355,51,0,15
BRDA:355,51,1,49
BRDA:365,52,0,0
BRDA:365,52,1,49
BRDA:367,53,0,49
BRDA:367,53,1,0
BRDA:368,54,0,49
BRDA:368,54,1,0
BRDA:382,55,0,1
BRDA:388,56,0,0
BRDA:388,56,1,0
BRDA:412,57,0,49
BRDA:430,58,0,49
BRDA:441,59,0,49
BRDA:445,60,0,0
BRDA:445,60,1,7
BRDA:456,61,0,49
BRDA:463,62,0,52
BRDA:463,62,1,0
BRDA:465,63,0,52
BRDA:465,63,1,0
BRDA:479,64,0,2
BRDA:497,65,0,0
BRDA:497,65,1,0
BRDA:509,66,0,47
BRDA:509,66,1,0
BRDA:514,67,0,47
BRDA:544,68,0,4
BRDA:544,68,1,46
BRDA:561,69,0,49
BRDA:561,69,1,44
BRDA:576,70,0,2
BRDA:583,71,0,0
BRDA:583,71,1,0
BRDA:636,72,0,49
BRDA:636,72,1,2
BRDA:639,73,0,1
BRDA:639,73,1,48
BRDA:649,74,0,50
BRDA:649,74,1,0
BRDA:654,75,0,50
BRDA:654,75,1,0
BRDA:657,76,0,50
BRDA:689,77,0,49
BRDA:701,78,0,6
BRDA:701,78,1,0
BRDA:703,79,0,6
BRDA:703,79,1,0
BRDA:704,80,0,6
BRDA:721,81,0,49
BRDA:724,82,0,0
BRDA:724,82,1,2
BRDA:740,83,0,2
BRDA:752,84,0,4
BRDA:759,85,0,0
BRDA:759,85,1,0
BRDA:799,86,0,49
BRDA:804,87,0,1
BRDA:804,87,1,1
BRDA:807,88,0,2
BRDA:828,89,0,49
BRDA:833,90,0,1
BRDA:833,90,1,1
BRDA:836,91,0,2
BRF:166
BRH:90
end_of_record
TN:
SF:components/board/TaskList.tsx
FN:31,(anonymous_5)
FN:44,(anonymous_6)
FN:45,(anonymous_7)
FN:51,(anonymous_8)
FN:54,(anonymous_9)
FN:61,(anonymous_10)
FN:69,(anonymous_11)
FN:76,(anonymous_12)
FN:85,(anonymous_13)
FN:105,(anonymous_15)
FN:107,(anonymous_16)
FN:113,(anonymous_17)
FN:124,(anonymous_18)
FN:135,(anonymous_19)
FN:141,(anonymous_20)
FN:153,(anonymous_21)
FN:156,(anonymous_22)
FN:168,(anonymous_23)
FN:190,(anonymous_25)
FN:214,(anonymous_26)
FN:216,(anonymous_27)
FN:226,(anonymous_28)
FN:235,(anonymous_29)
FNF:23
FNH:21
FNDA:30,(anonymous_5)
FNDA:16,(anonymous_6)
FNDA:1,(anonymous_7)
FNDA:16,(anonymous_8)
FNDA:15,(anonymous_9)
FNDA:1,(anonymous_10)
FNDA:1,(anonymous_11)
FNDA:3,(anonymous_12)
FNDA:1,(anonymous_13)
FNDA:3,(anonymous_15)
FNDA:2,(anonymous_16)
FNDA:3,(anonymous_17)
FNDA:4,(anonymous_18)
FNDA:0,(anonymous_19)
FNDA:1,(anonymous_20)
FNDA:36,(anonymous_21)
FNDA:1,(anonymous_22)
FNDA:1,(anonymous_23)
FNDA:30,(anonymous_25)
FNDA:1,(anonymous_26)
FNDA:0,(anonymous_27)
FNDA:1,(anonymous_28)
FNDA:2,(anonymous_29)
DA:1,1
DA:2,1
DA:3,1
DA:5,1
DA:19,1
DA:31,1
DA:36,30
DA:37,30
DA:38,30
DA:39,30
DA:40,30
DA:41,30
DA:42,30
DA:44,30
DA:45,16
DA:46,1
DA:47,1
DA:50,16
DA:51,16
DA:54,30
DA:55,15
DA:56,3
DA:57,3
DA:61,30
DA:62,1
DA:63,1
DA:64,1
DA:65,1
DA:69,30
DA:70,1
DA:71,1
DA:72,1
DA:76,30
DA:77,3
DA:78,2
DA:80,1
DA:82,3
DA:85,30
DA:86,1
DA:105,3
DA:107,2
DA:113,3
DA:124,4
DA:135,0
DA:141,1
DA:154,36
DA:156,1
DA:168,1
DA:191,30
DA:214,1
DA:216,0
DA:226,1
DA:235,2
DA:250,9
LF:54
LH:52
BRDA:46,0,0,1
BRDA:46,0,1,0
BRDA:46,1,0,1
BRDA:46,1,1,1
BRDA:50,2,0,4
BRDA:50,2,1,12
BRDA:55,3,0,3
BRDA:55,3,1,12
BRDA:55,4,0,15
BRDA:55,4,1,3
BRDA:62,5,0,1
BRDA:62,5,1,0
BRDA:70,6,0,1
BRDA:70,6,1,0
BRDA:70,7,0,1
BRDA:70,7,1,1
BRDA:77,8,0,2
BRDA:77,8,1,1
BRDA:77,9,0,3
BRDA:77,9,1,3
BRDA:100,10,0,30
BRDA:100,10,1,0
BRDA:102,11,0,6
BRDA:107,12,0,2
BRDA:107,12,1,2
BRDA:125,13,0,4
BRDA:125,13,1,26
BRDA:130,14,0,30
BRDA:157,15,0,4
BRDA:157,15,1,32
BRDA:157,16,0,4
BRDA:157,16,1,32
BRDA:160,17,0,36
BRDA:187,18,0,0
BRDA:187,18,1,30
BRDA:207,19,0,3
BRDA:216,20,0,0
BRDA:216,20,1,0
BRF:38
BRH:31
end_of_record
